CRITICAL - 2023-10-01 01:22:59 --> Undefined array key "category"
in APPPATH\Views\include\collection.php on line 35.
 1 APPPATH\Views\include\collection.php(35): CodeIgniter\Debug\Exceptions->errorHandler(2, 'Undefined array key "category"', 'C:\\laragon\\www\\ecommerce-main\\app\\Views\\include\\collection.php', 35)
 2 SYSTEMPATH\View\View.php(226): include('C:\\laragon\\www\\ecommerce-main\\app\\Views\\include\\collection.php')
 3 SYSTEMPATH\View\View.php(229): CodeIgniter\View\View->CodeIgniter\View\{closure}()
 4 SYSTEMPATH\Common.php(1188): CodeIgniter\View\View->render('include/collection', [], true)
 5 APPPATH\Controllers\Home.php(46): view('include/collection', [...])
 6 SYSTEMPATH\CodeIgniter.php(919): App\Controllers\Home->collection()
 7 SYSTEMPATH\CodeIgniter.php(494): CodeIgniter\CodeIgniter->runController(Object(App\Controllers\Home))
 8 SYSTEMPATH\CodeIgniter.php(353): CodeIgniter\CodeIgniter->handleRequest(null, Object(Config\Cache), false)
 9 FCPATH\index.php(79): CodeIgniter\CodeIgniter->run()
10 SYSTEMPATH\Commands\Server\rewrite.php(47): require_once('C:\\laragon\\www\\ecommerce-main\\public\\index.php')
CRITICAL - 2023-10-01 02:14:09 --> Cannot access offset of type string on string
in APPPATH\Views\include\collection.php on line 30.
 1 SYSTEMPATH\View\View.php(226): include()
 2 SYSTEMPATH\View\View.php(229): CodeIgniter\View\View->CodeIgniter\View\{closure}()
 3 SYSTEMPATH\Common.php(1188): CodeIgniter\View\View->render('include/collection', [], true)
 4 APPPATH\Controllers\Home.php(56): view('include/collection', [...])
 5 SYSTEMPATH\CodeIgniter.php(919): App\Controllers\Home->collection()
 6 SYSTEMPATH\CodeIgniter.php(494): CodeIgniter\CodeIgniter->runController(Object(App\Controllers\Home))
 7 SYSTEMPATH\CodeIgniter.php(353): CodeIgniter\CodeIgniter->handleRequest(null, Object(Config\Cache), false)
 8 FCPATH\index.php(79): CodeIgniter\CodeIgniter->run()
 9 SYSTEMPATH\Commands\Server\rewrite.php(47): require_once('C:\\laragon\\www\\ecommerce-main\\public\\index.php')
CRITICAL - 2023-10-01 04:07:27 --> Undefined variable $products
in APPPATH\Views\admin.php on line 322.
 1 APPPATH\Views\admin.php(322): CodeIgniter\Debug\Exceptions->errorHandler(2, 'Undefined variable $products', 'C:\\laragon\\www\\ecommerce-main\\app\\Views\\admin.php', 322)
 2 SYSTEMPATH\View\View.php(226): include('C:\\laragon\\www\\ecommerce-main\\app\\Views\\admin.php')
 3 SYSTEMPATH\View\View.php(229): CodeIgniter\View\View->CodeIgniter\View\{closure}()
 4 SYSTEMPATH\Common.php(1188): CodeIgniter\View\View->render('admin', [], true)
 5 APPPATH\Controllers\Home.php(79): view('admin')
 6 SYSTEMPATH\CodeIgniter.php(919): App\Controllers\Home->admin()
 7 SYSTEMPATH\CodeIgniter.php(494): CodeIgniter\CodeIgniter->runController(Object(App\Controllers\Home))
 8 SYSTEMPATH\CodeIgniter.php(353): CodeIgniter\CodeIgniter->handleRequest(null, Object(Config\Cache), false)
 9 FCPATH\index.php(79): CodeIgniter\CodeIgniter->run()
10 SYSTEMPATH\Commands\Server\rewrite.php(47): require_once('C:\\laragon\\www\\ecommerce-main\\public\\index.php')
CRITICAL - 2023-10-01 04:10:10 --> Undefined variable $products
in APPPATH\Views\admin.php on line 322.
 1 APPPATH\Views\admin.php(322): CodeIgniter\Debug\Exceptions->errorHandler(2, 'Undefined variable $products', 'C:\\laragon\\www\\ecommerce-main\\app\\Views\\admin.php', 322)
 2 SYSTEMPATH\View\View.php(226): include('C:\\laragon\\www\\ecommerce-main\\app\\Views\\admin.php')
 3 SYSTEMPATH\View\View.php(229): CodeIgniter\View\View->CodeIgniter\View\{closure}()
 4 SYSTEMPATH\Common.php(1188): CodeIgniter\View\View->render('admin', [], true)
 5 APPPATH\Controllers\Home.php(79): view('admin')
 6 SYSTEMPATH\CodeIgniter.php(919): App\Controllers\Home->admin()
 7 SYSTEMPATH\CodeIgniter.php(494): CodeIgniter\CodeIgniter->runController(Object(App\Controllers\Home))
 8 SYSTEMPATH\CodeIgniter.php(353): CodeIgniter\CodeIgniter->handleRequest(null, Object(Config\Cache), false)
 9 FCPATH\index.php(79): CodeIgniter\CodeIgniter->run()
10 SYSTEMPATH\Commands\Server\rewrite.php(47): require_once('C:\\laragon\\www\\ecommerce-main\\public\\index.php')
CRITICAL - 2023-10-01 04:10:12 --> Undefined variable $products
in APPPATH\Views\admin.php on line 322.
 1 APPPATH\Views\admin.php(322): CodeIgniter\Debug\Exceptions->errorHandler(2, 'Undefined variable $products', 'C:\\laragon\\www\\ecommerce-main\\app\\Views\\admin.php', 322)
 2 SYSTEMPATH\View\View.php(226): include('C:\\laragon\\www\\ecommerce-main\\app\\Views\\admin.php')
 3 SYSTEMPATH\View\View.php(229): CodeIgniter\View\View->CodeIgniter\View\{closure}()
 4 SYSTEMPATH\Common.php(1188): CodeIgniter\View\View->render('admin', [], true)
 5 APPPATH\Controllers\Home.php(79): view('admin')
 6 SYSTEMPATH\CodeIgniter.php(919): App\Controllers\Home->admin()
 7 SYSTEMPATH\CodeIgniter.php(494): CodeIgniter\CodeIgniter->runController(Object(App\Controllers\Home))
 8 SYSTEMPATH\CodeIgniter.php(353): CodeIgniter\CodeIgniter->handleRequest(null, Object(Config\Cache), false)
 9 FCPATH\index.php(79): CodeIgniter\CodeIgniter->run()
10 SYSTEMPATH\Commands\Server\rewrite.php(47): require_once('C:\\laragon\\www\\ecommerce-main\\public\\index.php')
CRITICAL - 2023-10-01 04:44:25 --> syntax error, unexpected end of file
in APPPATH\Views\admin.php on line 392.
 1 SYSTEMPATH\View\View.php(229): CodeIgniter\View\View->CodeIgniter\View\{closure}()
 2 SYSTEMPATH\Common.php(1188): CodeIgniter\View\View->render('admin', [], true)
 3 APPPATH\Controllers\Home.php(78): view('admin', [...])
 4 SYSTEMPATH\CodeIgniter.php(919): App\Controllers\Home->admin()
 5 SYSTEMPATH\CodeIgniter.php(494): CodeIgniter\CodeIgniter->runController(Object(App\Controllers\Home))
 6 SYSTEMPATH\CodeIgniter.php(353): CodeIgniter\CodeIgniter->handleRequest(null, Object(Config\Cache), false)
 7 FCPATH\index.php(79): CodeIgniter\CodeIgniter->run()
 8 SYSTEMPATH\Commands\Server\rewrite.php(47): require_once('C:\\laragon\\www\\ecommerce-main\\public\\index.php')
CRITICAL - 2023-10-01 04:49:40 --> foreach() argument must be of type array|object, null given
in APPPATH\Views\admin.php on line 343.
 1 APPPATH\Views\admin.php(343): CodeIgniter\Debug\Exceptions->errorHandler(2, 'foreach() argument must be of type array|object, null given', 'C:\\laragon\\www\\ecommerce-main\\app\\Views\\admin.php', 343)
 2 SYSTEMPATH\View\View.php(226): include('C:\\laragon\\www\\ecommerce-main\\app\\Views\\admin.php')
 3 SYSTEMPATH\View\View.php(229): CodeIgniter\View\View->CodeIgniter\View\{closure}()
 4 SYSTEMPATH\Common.php(1188): CodeIgniter\View\View->render('admin', [], true)
 5 APPPATH\Controllers\Home.php(78): view('admin', [...])
 6 SYSTEMPATH\CodeIgniter.php(919): App\Controllers\Home->admin()
 7 SYSTEMPATH\CodeIgniter.php(494): CodeIgniter\CodeIgniter->runController(Object(App\Controllers\Home))
 8 SYSTEMPATH\CodeIgniter.php(353): CodeIgniter\CodeIgniter->handleRequest(null, Object(Config\Cache), false)
 9 FCPATH\index.php(79): CodeIgniter\CodeIgniter->run()
10 SYSTEMPATH\Commands\Server\rewrite.php(47): require_once('C:\\laragon\\www\\ecommerce-main\\public\\index.php')
CRITICAL - 2023-10-01 04:52:13 --> Undefined variable $data
in APPPATH\Views\admin.php on line 344.
 1 APPPATH\Views\admin.php(344): CodeIgniter\Debug\Exceptions->errorHandler(2, 'Undefined variable $data', 'C:\\laragon\\www\\ecommerce-main\\app\\Views\\admin.php', 344)
 2 SYSTEMPATH\View\View.php(226): include('C:\\laragon\\www\\ecommerce-main\\app\\Views\\admin.php')
 3 SYSTEMPATH\View\View.php(229): CodeIgniter\View\View->CodeIgniter\View\{closure}()
 4 SYSTEMPATH\Common.php(1188): CodeIgniter\View\View->render('admin', [], true)
 5 APPPATH\Controllers\Home.php(78): view('admin', [...])
 6 SYSTEMPATH\CodeIgniter.php(919): App\Controllers\Home->admin()
 7 SYSTEMPATH\CodeIgniter.php(494): CodeIgniter\CodeIgniter->runController(Object(App\Controllers\Home))
 8 SYSTEMPATH\CodeIgniter.php(353): CodeIgniter\CodeIgniter->handleRequest(null, Object(Config\Cache), false)
 9 FCPATH\index.php(79): CodeIgniter\CodeIgniter->run()
10 SYSTEMPATH\Commands\Server\rewrite.php(47): require_once('C:\\laragon\\www\\ecommerce-main\\public\\index.php')
CRITICAL - 2023-10-01 04:53:00 --> Undefined variable $data
in APPPATH\Views\admin.php on line 344.
 1 APPPATH\Views\admin.php(344): CodeIgniter\Debug\Exceptions->errorHandler(2, 'Undefined variable $data', 'C:\\laragon\\www\\ecommerce-main\\app\\Views\\admin.php', 344)
 2 SYSTEMPATH\View\View.php(226): include('C:\\laragon\\www\\ecommerce-main\\app\\Views\\admin.php')
 3 SYSTEMPATH\View\View.php(229): CodeIgniter\View\View->CodeIgniter\View\{closure}()
 4 SYSTEMPATH\Common.php(1188): CodeIgniter\View\View->render('admin', [], true)
 5 APPPATH\Controllers\Home.php(78): view('admin', [...])
 6 SYSTEMPATH\CodeIgniter.php(919): App\Controllers\Home->admin()
 7 SYSTEMPATH\CodeIgniter.php(494): CodeIgniter\CodeIgniter->runController(Object(App\Controllers\Home))
 8 SYSTEMPATH\CodeIgniter.php(353): CodeIgniter\CodeIgniter->handleRequest(null, Object(Config\Cache), false)
 9 FCPATH\index.php(79): CodeIgniter\CodeIgniter->run()
10 SYSTEMPATH\Commands\Server\rewrite.php(47): require_once('C:\\laragon\\www\\ecommerce-main\\public\\index.php')
CRITICAL - 2023-10-01 04:54:57 --> Array to string conversion
in APPPATH\Views\admin.php on line 344.
 1 APPPATH\Views\admin.php(344): CodeIgniter\Debug\Exceptions->errorHandler(2, 'Array to string conversion', 'C:\\laragon\\www\\ecommerce-main\\app\\Views\\admin.php', 344)
 2 SYSTEMPATH\View\View.php(226): include('C:\\laragon\\www\\ecommerce-main\\app\\Views\\admin.php')
 3 SYSTEMPATH\View\View.php(229): CodeIgniter\View\View->CodeIgniter\View\{closure}()
 4 SYSTEMPATH\Common.php(1188): CodeIgniter\View\View->render('admin', [], true)
 5 APPPATH\Controllers\Home.php(78): view('admin', [...])
 6 SYSTEMPATH\CodeIgniter.php(919): App\Controllers\Home->admin()
 7 SYSTEMPATH\CodeIgniter.php(494): CodeIgniter\CodeIgniter->runController(Object(App\Controllers\Home))
 8 SYSTEMPATH\CodeIgniter.php(353): CodeIgniter\CodeIgniter->handleRequest(null, Object(Config\Cache), false)
 9 FCPATH\index.php(79): CodeIgniter\CodeIgniter->run()
10 SYSTEMPATH\Commands\Server\rewrite.php(47): require_once('C:\\laragon\\www\\ecommerce-main\\public\\index.php')
CRITICAL - 2023-10-01 05:00:15 --> Too few arguments to function App\Controllers\Home::admin(), 0 passed in C:\laragon\www\ecommerce-main\vendor\codeigniter4\framework\system\CodeIgniter.php on line 919 and exactly 1 expected
in APPPATH\Controllers\Home.php on line 74.
 1 SYSTEMPATH\CodeIgniter.php(919): App\Controllers\Home->admin()
 2 SYSTEMPATH\CodeIgniter.php(494): CodeIgniter\CodeIgniter->runController(Object(App\Controllers\Home))
 3 SYSTEMPATH\CodeIgniter.php(353): CodeIgniter\CodeIgniter->handleRequest(null, Object(Config\Cache), false)
 4 FCPATH\index.php(79): CodeIgniter\CodeIgniter->run()
 5 SYSTEMPATH\Commands\Server\rewrite.php(47): require_once('C:\\laragon\\www\\ecommerce-main\\public\\index.php')
CRITICAL - 2023-10-01 05:05:51 --> foreach() argument must be of type array|object, null given
in APPPATH\Views\admin.php on line 344.
 1 APPPATH\Views\admin.php(344): CodeIgniter\Debug\Exceptions->errorHandler(2, 'foreach() argument must be of type array|object, null given', 'C:\\laragon\\www\\ecommerce-main\\app\\Views\\admin.php', 344)
 2 SYSTEMPATH\View\View.php(226): include('C:\\laragon\\www\\ecommerce-main\\app\\Views\\admin.php')
 3 SYSTEMPATH\View\View.php(229): CodeIgniter\View\View->CodeIgniter\View\{closure}()
 4 SYSTEMPATH\Common.php(1188): CodeIgniter\View\View->render('admin', [], true)
 5 APPPATH\Controllers\Home.php(78): view('admin', [...])
 6 SYSTEMPATH\CodeIgniter.php(919): App\Controllers\Home->admin()
 7 SYSTEMPATH\CodeIgniter.php(494): CodeIgniter\CodeIgniter->runController(Object(App\Controllers\Home))
 8 SYSTEMPATH\CodeIgniter.php(353): CodeIgniter\CodeIgniter->handleRequest(null, Object(Config\Cache), false)
 9 FCPATH\index.php(79): CodeIgniter\CodeIgniter->run()
10 SYSTEMPATH\Commands\Server\rewrite.php(47): require_once('C:\\laragon\\www\\ecommerce-main\\public\\index.php')
CRITICAL - 2023-10-01 05:06:23 --> foreach() argument must be of type array|object, null given
in APPPATH\Views\admin.php on line 342.
 1 APPPATH\Views\admin.php(342): CodeIgniter\Debug\Exceptions->errorHandler(2, 'foreach() argument must be of type array|object, null given', 'C:\\laragon\\www\\ecommerce-main\\app\\Views\\admin.php', 342)
 2 SYSTEMPATH\View\View.php(226): include('C:\\laragon\\www\\ecommerce-main\\app\\Views\\admin.php')
 3 SYSTEMPATH\View\View.php(229): CodeIgniter\View\View->CodeIgniter\View\{closure}()
 4 SYSTEMPATH\Common.php(1188): CodeIgniter\View\View->render('admin', [], true)
 5 APPPATH\Controllers\Home.php(78): view('admin', [...])
 6 SYSTEMPATH\CodeIgniter.php(919): App\Controllers\Home->admin()
 7 SYSTEMPATH\CodeIgniter.php(494): CodeIgniter\CodeIgniter->runController(Object(App\Controllers\Home))
 8 SYSTEMPATH\CodeIgniter.php(353): CodeIgniter\CodeIgniter->handleRequest(null, Object(Config\Cache), false)
 9 FCPATH\index.php(79): CodeIgniter\CodeIgniter->run()
10 SYSTEMPATH\Commands\Server\rewrite.php(47): require_once('C:\\laragon\\www\\ecommerce-main\\public\\index.php')
CRITICAL - 2023-10-01 05:29:24 --> Undefined variable $product
in APPPATH\Views\admin.php on line 354.
 1 APPPATH\Views\admin.php(354): CodeIgniter\Debug\Exceptions->errorHandler(2, 'Undefined variable $product', 'C:\\laragon\\www\\ecommerce-main\\app\\Views\\admin.php', 354)
 2 SYSTEMPATH\View\View.php(226): include('C:\\laragon\\www\\ecommerce-main\\app\\Views\\admin.php')
 3 SYSTEMPATH\View\View.php(229): CodeIgniter\View\View->CodeIgniter\View\{closure}()
 4 SYSTEMPATH\Common.php(1188): CodeIgniter\View\View->render('admin', [], true)
 5 APPPATH\Controllers\Home.php(78): view('admin', [...])
 6 SYSTEMPATH\CodeIgniter.php(919): App\Controllers\Home->admin()
 7 SYSTEMPATH\CodeIgniter.php(494): CodeIgniter\CodeIgniter->runController(Object(App\Controllers\Home))
 8 SYSTEMPATH\CodeIgniter.php(353): CodeIgniter\CodeIgniter->handleRequest(null, Object(Config\Cache), false)
 9 FCPATH\index.php(79): CodeIgniter\CodeIgniter->run()
10 SYSTEMPATH\Commands\Server\rewrite.php(47): require_once('C:\\laragon\\www\\ecommerce-main\\public\\index.php')
CRITICAL - 2023-10-01 06:10:19 --> The original file is not a valid file.
in SYSTEMPATH\HTTP\Files\UploadedFile.php on line 146.
 1 SYSTEMPATH\HTTP\Files\UploadedFile.php(146): CodeIgniter\HTTP\Exceptions\HTTPException::forInvalidFile()
 2 APPPATH\Controllers\Home.php(88): CodeIgniter\HTTP\Files\UploadedFile->move('C:\\laragon\\www\\ecommerce-main\\public/', '/.')
 3 SYSTEMPATH\CodeIgniter.php(919): App\Controllers\Home->add()
 4 SYSTEMPATH\CodeIgniter.php(494): CodeIgniter\CodeIgniter->runController(Object(App\Controllers\Home))
 5 SYSTEMPATH\CodeIgniter.php(353): CodeIgniter\CodeIgniter->handleRequest(null, Object(Config\Cache), false)
 6 FCPATH\index.php(79): CodeIgniter\CodeIgniter->run()
 7 SYSTEMPATH\Commands\Server\rewrite.php(47): require_once('C:\\laragon\\www\\ecommerce-main\\public\\index.php')
CRITICAL - 2023-10-01 06:12:38 --> The original file is not a valid file.
in SYSTEMPATH\HTTP\Files\UploadedFile.php on line 146.
 1 SYSTEMPATH\HTTP\Files\UploadedFile.php(146): CodeIgniter\HTTP\Exceptions\HTTPException::forInvalidFile()
 2 APPPATH\Controllers\Home.php(88): CodeIgniter\HTTP\Files\UploadedFile->move('C:\\laragon\\www\\ecommerce-main\\public/', '/.')
 3 SYSTEMPATH\CodeIgniter.php(919): App\Controllers\Home->add()
 4 SYSTEMPATH\CodeIgniter.php(494): CodeIgniter\CodeIgniter->runController(Object(App\Controllers\Home))
 5 SYSTEMPATH\CodeIgniter.php(353): CodeIgniter\CodeIgniter->handleRequest(null, Object(Config\Cache), false)
 6 FCPATH\index.php(79): CodeIgniter\CodeIgniter->run()
 7 SYSTEMPATH\Commands\Server\rewrite.php(47): require_once('C:\\laragon\\www\\ecommerce-main\\public\\index.php')
CRITICAL - 2023-10-01 06:46:11 --> Undefined variable $prd
in APPPATH\Views\admin.php on line 449.
 1 APPPATH\Views\admin.php(449): CodeIgniter\Debug\Exceptions->errorHandler(2, 'Undefined variable $prd', 'C:\\laragon\\www\\ecommerce-main\\app\\Views\\admin.php', 449)
 2 SYSTEMPATH\View\View.php(226): include('C:\\laragon\\www\\ecommerce-main\\app\\Views\\admin.php')
 3 SYSTEMPATH\View\View.php(229): CodeIgniter\View\View->CodeIgniter\View\{closure}()
 4 SYSTEMPATH\Common.php(1188): CodeIgniter\View\View->render('admin', [], true)
 5 APPPATH\Controllers\Home.php(78): view('admin', [...])
 6 SYSTEMPATH\CodeIgniter.php(919): App\Controllers\Home->admin()
 7 SYSTEMPATH\CodeIgniter.php(494): CodeIgniter\CodeIgniter->runController(Object(App\Controllers\Home))
 8 SYSTEMPATH\CodeIgniter.php(353): CodeIgniter\CodeIgniter->handleRequest(null, Object(Config\Cache), false)
 9 FCPATH\index.php(79): CodeIgniter\CodeIgniter->run()
10 SYSTEMPATH\Commands\Server\rewrite.php(47): require_once('C:\\laragon\\www\\ecommerce-main\\public\\index.php')
CRITICAL - 2023-10-01 06:47:34 --> Undefined array key "product_id"
in APPPATH\Views\admin.php on line 449.
 1 APPPATH\Views\admin.php(449): CodeIgniter\Debug\Exceptions->errorHandler(2, 'Undefined array key "product_id"', 'C:\\laragon\\www\\ecommerce-main\\app\\Views\\admin.php', 449)
 2 SYSTEMPATH\View\View.php(226): include('C:\\laragon\\www\\ecommerce-main\\app\\Views\\admin.php')
 3 SYSTEMPATH\View\View.php(229): CodeIgniter\View\View->CodeIgniter\View\{closure}()
 4 SYSTEMPATH\Common.php(1188): CodeIgniter\View\View->render('admin', [], true)
 5 APPPATH\Controllers\Home.php(79): view('admin', [...])
 6 SYSTEMPATH\CodeIgniter.php(919): App\Controllers\Home->admin()
 7 SYSTEMPATH\CodeIgniter.php(494): CodeIgniter\CodeIgniter->runController(Object(App\Controllers\Home))
 8 SYSTEMPATH\CodeIgniter.php(353): CodeIgniter\CodeIgniter->handleRequest(null, Object(Config\Cache), false)
 9 FCPATH\index.php(79): CodeIgniter\CodeIgniter->run()
10 SYSTEMPATH\Commands\Server\rewrite.php(47): require_once('C:\\laragon\\www\\ecommerce-main\\public\\index.php')
CRITICAL - 2023-10-01 06:49:20 --> Undefined variable $prd
in APPPATH\Views\admin.php on line 449.
 1 APPPATH\Views\admin.php(449): CodeIgniter\Debug\Exceptions->errorHandler(2, 'Undefined variable $prd', 'C:\\laragon\\www\\ecommerce-main\\app\\Views\\admin.php', 449)
 2 SYSTEMPATH\View\View.php(226): include('C:\\laragon\\www\\ecommerce-main\\app\\Views\\admin.php')
 3 SYSTEMPATH\View\View.php(229): CodeIgniter\View\View->CodeIgniter\View\{closure}()
 4 SYSTEMPATH\Common.php(1188): CodeIgniter\View\View->render('admin', [], true)
 5 APPPATH\Controllers\Home.php(78): view('admin', [...])
 6 SYSTEMPATH\CodeIgniter.php(919): App\Controllers\Home->admin()
 7 SYSTEMPATH\CodeIgniter.php(494): CodeIgniter\CodeIgniter->runController(Object(App\Controllers\Home))
 8 SYSTEMPATH\CodeIgniter.php(353): CodeIgniter\CodeIgniter->handleRequest(null, Object(Config\Cache), false)
 9 FCPATH\index.php(79): CodeIgniter\CodeIgniter->run()
10 SYSTEMPATH\Commands\Server\rewrite.php(47): require_once('C:\\laragon\\www\\ecommerce-main\\public\\index.php')
CRITICAL - 2023-10-01 06:49:21 --> Undefined variable $prd
in APPPATH\Views\admin.php on line 449.
 1 APPPATH\Views\admin.php(449): CodeIgniter\Debug\Exceptions->errorHandler(2, 'Undefined variable $prd', 'C:\\laragon\\www\\ecommerce-main\\app\\Views\\admin.php', 449)
 2 SYSTEMPATH\View\View.php(226): include('C:\\laragon\\www\\ecommerce-main\\app\\Views\\admin.php')
 3 SYSTEMPATH\View\View.php(229): CodeIgniter\View\View->CodeIgniter\View\{closure}()
 4 SYSTEMPATH\Common.php(1188): CodeIgniter\View\View->render('admin', [], true)
 5 APPPATH\Controllers\Home.php(78): view('admin', [...])
 6 SYSTEMPATH\CodeIgniter.php(919): App\Controllers\Home->admin()
 7 SYSTEMPATH\CodeIgniter.php(494): CodeIgniter\CodeIgniter->runController(Object(App\Controllers\Home))
 8 SYSTEMPATH\CodeIgniter.php(353): CodeIgniter\CodeIgniter->handleRequest(null, Object(Config\Cache), false)
 9 FCPATH\index.php(79): CodeIgniter\CodeIgniter->run()
10 SYSTEMPATH\Commands\Server\rewrite.php(47): require_once('C:\\laragon\\www\\ecommerce-main\\public\\index.php')
CRITICAL - 2023-10-01 06:49:39 --> Undefined variable $pruduct
in APPPATH\Views\admin.php on line 449.
 1 APPPATH\Views\admin.php(449): CodeIgniter\Debug\Exceptions->errorHandler(2, 'Undefined variable $pruduct', 'C:\\laragon\\www\\ecommerce-main\\app\\Views\\admin.php', 449)
 2 SYSTEMPATH\View\View.php(226): include('C:\\laragon\\www\\ecommerce-main\\app\\Views\\admin.php')
 3 SYSTEMPATH\View\View.php(229): CodeIgniter\View\View->CodeIgniter\View\{closure}()
 4 SYSTEMPATH\Common.php(1188): CodeIgniter\View\View->render('admin', [], true)
 5 APPPATH\Controllers\Home.php(78): view('admin', [...])
 6 SYSTEMPATH\CodeIgniter.php(919): App\Controllers\Home->admin()
 7 SYSTEMPATH\CodeIgniter.php(494): CodeIgniter\CodeIgniter->runController(Object(App\Controllers\Home))
 8 SYSTEMPATH\CodeIgniter.php(353): CodeIgniter\CodeIgniter->handleRequest(null, Object(Config\Cache), false)
 9 FCPATH\index.php(79): CodeIgniter\CodeIgniter->run()
10 SYSTEMPATH\Commands\Server\rewrite.php(47): require_once('C:\\laragon\\www\\ecommerce-main\\public\\index.php')
CRITICAL - 2023-10-01 06:50:42 --> Undefined variable $pruducts
in APPPATH\Views\admin.php on line 449.
 1 APPPATH\Views\admin.php(449): CodeIgniter\Debug\Exceptions->errorHandler(2, 'Undefined variable $pruducts', 'C:\\laragon\\www\\ecommerce-main\\app\\Views\\admin.php', 449)
 2 SYSTEMPATH\View\View.php(226): include('C:\\laragon\\www\\ecommerce-main\\app\\Views\\admin.php')
 3 SYSTEMPATH\View\View.php(229): CodeIgniter\View\View->CodeIgniter\View\{closure}()
 4 SYSTEMPATH\Common.php(1188): CodeIgniter\View\View->render('admin', [], true)
 5 APPPATH\Controllers\Home.php(78): view('admin', [...])
 6 SYSTEMPATH\CodeIgniter.php(919): App\Controllers\Home->admin()
 7 SYSTEMPATH\CodeIgniter.php(494): CodeIgniter\CodeIgniter->runController(Object(App\Controllers\Home))
 8 SYSTEMPATH\CodeIgniter.php(353): CodeIgniter\CodeIgniter->handleRequest(null, Object(Config\Cache), false)
 9 FCPATH\index.php(79): CodeIgniter\CodeIgniter->run()
10 SYSTEMPATH\Commands\Server\rewrite.php(47): require_once('C:\\laragon\\www\\ecommerce-main\\public\\index.php')
CRITICAL - 2023-10-01 06:51:03 --> Undefined array key "product_id"
in APPPATH\Views\admin.php on line 449.
 1 APPPATH\Views\admin.php(449): CodeIgniter\Debug\Exceptions->errorHandler(2, 'Undefined array key "product_id"', 'C:\\laragon\\www\\ecommerce-main\\app\\Views\\admin.php', 449)
 2 SYSTEMPATH\View\View.php(226): include('C:\\laragon\\www\\ecommerce-main\\app\\Views\\admin.php')
 3 SYSTEMPATH\View\View.php(229): CodeIgniter\View\View->CodeIgniter\View\{closure}()
 4 SYSTEMPATH\Common.php(1188): CodeIgniter\View\View->render('admin', [], true)
 5 APPPATH\Controllers\Home.php(78): view('admin', [...])
 6 SYSTEMPATH\CodeIgniter.php(919): App\Controllers\Home->admin()
 7 SYSTEMPATH\CodeIgniter.php(494): CodeIgniter\CodeIgniter->runController(Object(App\Controllers\Home))
 8 SYSTEMPATH\CodeIgniter.php(353): CodeIgniter\CodeIgniter->handleRequest(null, Object(Config\Cache), false)
 9 FCPATH\index.php(79): CodeIgniter\CodeIgniter->run()
10 SYSTEMPATH\Commands\Server\rewrite.php(47): require_once('C:\\laragon\\www\\ecommerce-main\\public\\index.php')
CRITICAL - 2023-10-01 06:52:27 --> Undefined variable $product
in APPPATH\Views\admin.php on line 449.
 1 APPPATH\Views\admin.php(449): CodeIgniter\Debug\Exceptions->errorHandler(2, 'Undefined variable $product', 'C:\\laragon\\www\\ecommerce-main\\app\\Views\\admin.php', 449)
 2 SYSTEMPATH\View\View.php(226): include('C:\\laragon\\www\\ecommerce-main\\app\\Views\\admin.php')
 3 SYSTEMPATH\View\View.php(229): CodeIgniter\View\View->CodeIgniter\View\{closure}()
 4 SYSTEMPATH\Common.php(1188): CodeIgniter\View\View->render('admin', [], true)
 5 APPPATH\Controllers\Home.php(79): view('admin', [...])
 6 SYSTEMPATH\CodeIgniter.php(919): App\Controllers\Home->admin()
 7 SYSTEMPATH\CodeIgniter.php(494): CodeIgniter\CodeIgniter->runController(Object(App\Controllers\Home))
 8 SYSTEMPATH\CodeIgniter.php(353): CodeIgniter\CodeIgniter->handleRequest(null, Object(Config\Cache), false)
 9 FCPATH\index.php(79): CodeIgniter\CodeIgniter->run()
10 SYSTEMPATH\Commands\Server\rewrite.php(47): require_once('C:\\laragon\\www\\ecommerce-main\\public\\index.php')
CRITICAL - 2023-10-01 06:53:10 --> Undefined variable $product
in APPPATH\Views\admin.php on line 449.
 1 APPPATH\Views\admin.php(449): CodeIgniter\Debug\Exceptions->errorHandler(2, 'Undefined variable $product', 'C:\\laragon\\www\\ecommerce-main\\app\\Views\\admin.php', 449)
 2 SYSTEMPATH\View\View.php(226): include('C:\\laragon\\www\\ecommerce-main\\app\\Views\\admin.php')
 3 SYSTEMPATH\View\View.php(229): CodeIgniter\View\View->CodeIgniter\View\{closure}()
 4 SYSTEMPATH\Common.php(1188): CodeIgniter\View\View->render('admin', [], true)
 5 APPPATH\Controllers\Home.php(79): view('admin', [...])
 6 SYSTEMPATH\CodeIgniter.php(919): App\Controllers\Home->admin()
 7 SYSTEMPATH\CodeIgniter.php(494): CodeIgniter\CodeIgniter->runController(Object(App\Controllers\Home))
 8 SYSTEMPATH\CodeIgniter.php(353): CodeIgniter\CodeIgniter->handleRequest(null, Object(Config\Cache), false)
 9 FCPATH\index.php(79): CodeIgniter\CodeIgniter->run()
10 SYSTEMPATH\Commands\Server\rewrite.php(47): require_once('C:\\laragon\\www\\ecommerce-main\\public\\index.php')
CRITICAL - 2023-10-01 06:53:44 --> Undefined variable $product
in APPPATH\Views\admin.php on line 449.
 1 APPPATH\Views\admin.php(449): CodeIgniter\Debug\Exceptions->errorHandler(2, 'Undefined variable $product', 'C:\\laragon\\www\\ecommerce-main\\app\\Views\\admin.php', 449)
 2 SYSTEMPATH\View\View.php(226): include('C:\\laragon\\www\\ecommerce-main\\app\\Views\\admin.php')
 3 SYSTEMPATH\View\View.php(229): CodeIgniter\View\View->CodeIgniter\View\{closure}()
 4 SYSTEMPATH\Common.php(1188): CodeIgniter\View\View->render('admin', [], true)
 5 APPPATH\Controllers\Home.php(78): view('admin', [...])
 6 SYSTEMPATH\CodeIgniter.php(919): App\Controllers\Home->admin()
 7 SYSTEMPATH\CodeIgniter.php(494): CodeIgniter\CodeIgniter->runController(Object(App\Controllers\Home))
 8 SYSTEMPATH\CodeIgniter.php(353): CodeIgniter\CodeIgniter->handleRequest(null, Object(Config\Cache), false)
 9 FCPATH\index.php(79): CodeIgniter\CodeIgniter->run()
10 SYSTEMPATH\Commands\Server\rewrite.php(47): require_once('C:\\laragon\\www\\ecommerce-main\\public\\index.php')
CRITICAL - 2023-10-01 07:39:46 --> Too few arguments to function App\Controllers\Home::edit(), 0 passed in C:\laragon\www\ecommerce-main\vendor\codeigniter4\framework\system\CodeIgniter.php on line 919 and exactly 1 expected
in APPPATH\Controllers\Home.php on line 100.
 1 SYSTEMPATH\CodeIgniter.php(919): App\Controllers\Home->edit()
 2 SYSTEMPATH\CodeIgniter.php(494): CodeIgniter\CodeIgniter->runController(Object(App\Controllers\Home))
 3 SYSTEMPATH\CodeIgniter.php(353): CodeIgniter\CodeIgniter->handleRequest(null, Object(Config\Cache), false)
 4 FCPATH\index.php(79): CodeIgniter\CodeIgniter->run()
 5 SYSTEMPATH\Commands\Server\rewrite.php(47): require_once('C:\\laragon\\www\\ecommerce-main\\public\\index.php')
CRITICAL - 2023-10-01 08:13:41 --> Call to undefined function set_value()
in APPPATH\Views\signup.php on line 23.
 1 SYSTEMPATH\View\View.php(226): include()
 2 SYSTEMPATH\View\View.php(229): CodeIgniter\View\View->CodeIgniter\View\{closure}()
 3 SYSTEMPATH\Common.php(1188): CodeIgniter\View\View->render('signup', [], true)
 4 APPPATH\Controllers\UserController.php(11): view('signup')
 5 SYSTEMPATH\CodeIgniter.php(919): App\Controllers\UserController->signup()
 6 SYSTEMPATH\CodeIgniter.php(494): CodeIgniter\CodeIgniter->runController(Object(App\Controllers\UserController))
 7 SYSTEMPATH\CodeIgniter.php(353): CodeIgniter\CodeIgniter->handleRequest(null, Object(Config\Cache), false)
 8 FCPATH\index.php(79): CodeIgniter\CodeIgniter->run()
 9 SYSTEMPATH\Commands\Server\rewrite.php(47): require_once('C:\\laragon\\www\\ecommerce-main\\public\\index.php')
CRITICAL - 2023-10-01 08:34:41 --> syntax error, unexpected single-quoted string "email", expecting "]"
in APPPATH\Controllers\UserController.php on line 16.
 1 SYSTEMPATH\Autoloader\Autoloader.php(285): CodeIgniter\Autoloader\Autoloader->includeFile('C:\\laragon\\www\\ecommerce-main\\app\\Controllers\\UserController.php')
 2 SYSTEMPATH\Autoloader\Autoloader.php(263): CodeIgniter\Autoloader\Autoloader->loadInNamespace('App\\Controllers\\UserController')
 3 [internal function]: CodeIgniter\Autoloader\Autoloader->loadClass('App\\Controllers\\UserController')
 4 SYSTEMPATH\CodeIgniter.php(877): class_exists('\\App\\Controllers\\UserController', true)
 5 SYSTEMPATH\CodeIgniter.php(481): CodeIgniter\CodeIgniter->startController()
 6 SYSTEMPATH\CodeIgniter.php(353): CodeIgniter\CodeIgniter->handleRequest(null, Object(Config\Cache), false)
 7 FCPATH\index.php(79): CodeIgniter\CodeIgniter->run()
 8 SYSTEMPATH\Commands\Server\rewrite.php(47): require_once('C:\\laragon\\www\\ecommerce-main\\public\\index.php')
CRITICAL - 2023-10-01 10:24:51 --> Undefined array key "password"
in APPPATH\Controllers\UserController.php on line 50.
 1 APPPATH\Controllers\UserController.php(50): CodeIgniter\Debug\Exceptions->errorHandler(2, 'Undefined array key "password"', 'C:\\laragon\\www\\ecommerce-main\\app\\Controllers\\UserController.php', 50)
 2 SYSTEMPATH\CodeIgniter.php(919): App\Controllers\UserController->LoginAuth()
 3 SYSTEMPATH\CodeIgniter.php(494): CodeIgniter\CodeIgniter->runController(Object(App\Controllers\UserController))
 4 SYSTEMPATH\CodeIgniter.php(353): CodeIgniter\CodeIgniter->handleRequest(null, Object(Config\Cache), false)
 5 FCPATH\index.php(79): CodeIgniter\CodeIgniter->run()
 6 SYSTEMPATH\Commands\Server\rewrite.php(47): require_once('C:\\laragon\\www\\ecommerce-main\\public\\index.php')
CRITICAL - 2023-10-01 11:28:29 --> Undefined variable $username
in APPPATH\Views\admin.php on line 46.
 1 APPPATH\Views\admin.php(46): CodeIgniter\Debug\Exceptions->errorHandler(2, 'Undefined variable $username', 'C:\\laragon\\www\\ecommerce-main\\app\\Views\\admin.php', 46)
 2 SYSTEMPATH\View\View.php(226): include('C:\\laragon\\www\\ecommerce-main\\app\\Views\\admin.php')
 3 SYSTEMPATH\View\View.php(229): CodeIgniter\View\View->CodeIgniter\View\{closure}()
 4 SYSTEMPATH\Common.php(1188): CodeIgniter\View\View->render('admin', [], true)
 5 APPPATH\Controllers\Home.php(78): view('admin', [...])
 6 SYSTEMPATH\CodeIgniter.php(919): App\Controllers\Home->admin()
 7 SYSTEMPATH\CodeIgniter.php(494): CodeIgniter\CodeIgniter->runController(Object(App\Controllers\Home))
 8 SYSTEMPATH\CodeIgniter.php(353): CodeIgniter\CodeIgniter->handleRequest(null, Object(Config\Cache), false)
 9 FCPATH\index.php(79): CodeIgniter\CodeIgniter->run()
10 SYSTEMPATH\Commands\Server\rewrite.php(47): require_once('C:\\laragon\\www\\ecommerce-main\\public\\index.php')
CRITICAL - 2023-10-01 11:29:30 --> Array to string conversion
in APPPATH\Views\admin.php on line 46.
 1 APPPATH\Views\admin.php(46): CodeIgniter\Debug\Exceptions->errorHandler(2, 'Array to string conversion', 'C:\\laragon\\www\\ecommerce-main\\app\\Views\\admin.php', 46)
 2 SYSTEMPATH\View\View.php(226): include('C:\\laragon\\www\\ecommerce-main\\app\\Views\\admin.php')
 3 SYSTEMPATH\View\View.php(229): CodeIgniter\View\View->CodeIgniter\View\{closure}()
 4 SYSTEMPATH\Common.php(1188): CodeIgniter\View\View->render('admin', [], true)
 5 APPPATH\Controllers\Home.php(79): view('admin', [...])
 6 SYSTEMPATH\CodeIgniter.php(919): App\Controllers\Home->admin()
 7 SYSTEMPATH\CodeIgniter.php(494): CodeIgniter\CodeIgniter->runController(Object(App\Controllers\Home))
 8 SYSTEMPATH\CodeIgniter.php(353): CodeIgniter\CodeIgniter->handleRequest(null, Object(Config\Cache), false)
 9 FCPATH\index.php(79): CodeIgniter\CodeIgniter->run()
10 SYSTEMPATH\Commands\Server\rewrite.php(47): require_once('C:\\laragon\\www\\ecommerce-main\\public\\index.php')
CRITICAL - 2023-10-01 11:29:32 --> Array to string conversion
in APPPATH\Views\admin.php on line 46.
 1 APPPATH\Views\admin.php(46): CodeIgniter\Debug\Exceptions->errorHandler(2, 'Array to string conversion', 'C:\\laragon\\www\\ecommerce-main\\app\\Views\\admin.php', 46)
 2 SYSTEMPATH\View\View.php(226): include('C:\\laragon\\www\\ecommerce-main\\app\\Views\\admin.php')
 3 SYSTEMPATH\View\View.php(229): CodeIgniter\View\View->CodeIgniter\View\{closure}()
 4 SYSTEMPATH\Common.php(1188): CodeIgniter\View\View->render('admin', [], true)
 5 APPPATH\Controllers\Home.php(79): view('admin', [...])
 6 SYSTEMPATH\CodeIgniter.php(919): App\Controllers\Home->admin()
 7 SYSTEMPATH\CodeIgniter.php(494): CodeIgniter\CodeIgniter->runController(Object(App\Controllers\Home))
 8 SYSTEMPATH\CodeIgniter.php(353): CodeIgniter\CodeIgniter->handleRequest(null, Object(Config\Cache), false)
 9 FCPATH\index.php(79): CodeIgniter\CodeIgniter->run()
10 SYSTEMPATH\Commands\Server\rewrite.php(47): require_once('C:\\laragon\\www\\ecommerce-main\\public\\index.php')
CRITICAL - 2023-10-01 11:31:52 --> Trying to access array offset on value of type null
in APPPATH\Controllers\Home.php on line 79.
 1 APPPATH\Controllers\Home.php(79): CodeIgniter\Debug\Exceptions->errorHandler(2, 'Trying to access array offset on value of type null', 'C:\\laragon\\www\\ecommerce-main\\app\\Controllers\\Home.php', 79)
 2 SYSTEMPATH\CodeIgniter.php(919): App\Controllers\Home->admin()
 3 SYSTEMPATH\CodeIgniter.php(494): CodeIgniter\CodeIgniter->runController(Object(App\Controllers\Home))
 4 SYSTEMPATH\CodeIgniter.php(353): CodeIgniter\CodeIgniter->handleRequest(null, Object(Config\Cache), false)
 5 FCPATH\index.php(79): CodeIgniter\CodeIgniter->run()
 6 SYSTEMPATH\Commands\Server\rewrite.php(47): require_once('C:\\laragon\\www\\ecommerce-main\\public\\index.php')
CRITICAL - 2023-10-01 11:32:19 --> Trying to access array offset on value of type null
in APPPATH\Controllers\Home.php on line 78.
 1 APPPATH\Controllers\Home.php(78): CodeIgniter\Debug\Exceptions->errorHandler(2, 'Trying to access array offset on value of type null', 'C:\\laragon\\www\\ecommerce-main\\app\\Controllers\\Home.php', 78)
 2 SYSTEMPATH\CodeIgniter.php(919): App\Controllers\Home->admin()
 3 SYSTEMPATH\CodeIgniter.php(494): CodeIgniter\CodeIgniter->runController(Object(App\Controllers\Home))
 4 SYSTEMPATH\CodeIgniter.php(353): CodeIgniter\CodeIgniter->handleRequest(null, Object(Config\Cache), false)
 5 FCPATH\index.php(79): CodeIgniter\CodeIgniter->run()
 6 SYSTEMPATH\Commands\Server\rewrite.php(47): require_once('C:\\laragon\\www\\ecommerce-main\\public\\index.php')
CRITICAL - 2023-10-01 11:32:20 --> Trying to access array offset on value of type null
in APPPATH\Controllers\Home.php on line 78.
 1 APPPATH\Controllers\Home.php(78): CodeIgniter\Debug\Exceptions->errorHandler(2, 'Trying to access array offset on value of type null', 'C:\\laragon\\www\\ecommerce-main\\app\\Controllers\\Home.php', 78)
 2 SYSTEMPATH\CodeIgniter.php(919): App\Controllers\Home->admin()
 3 SYSTEMPATH\CodeIgniter.php(494): CodeIgniter\CodeIgniter->runController(Object(App\Controllers\Home))
 4 SYSTEMPATH\CodeIgniter.php(353): CodeIgniter\CodeIgniter->handleRequest(null, Object(Config\Cache), false)
 5 FCPATH\index.php(79): CodeIgniter\CodeIgniter->run()
 6 SYSTEMPATH\Commands\Server\rewrite.php(47): require_once('C:\\laragon\\www\\ecommerce-main\\public\\index.php')
CRITICAL - 2023-10-01 11:32:21 --> Trying to access array offset on value of type null
in APPPATH\Controllers\Home.php on line 78.
 1 APPPATH\Controllers\Home.php(78): CodeIgniter\Debug\Exceptions->errorHandler(2, 'Trying to access array offset on value of type null', 'C:\\laragon\\www\\ecommerce-main\\app\\Controllers\\Home.php', 78)
 2 SYSTEMPATH\CodeIgniter.php(919): App\Controllers\Home->admin()
 3 SYSTEMPATH\CodeIgniter.php(494): CodeIgniter\CodeIgniter->runController(Object(App\Controllers\Home))
 4 SYSTEMPATH\CodeIgniter.php(353): CodeIgniter\CodeIgniter->handleRequest(null, Object(Config\Cache), false)
 5 FCPATH\index.php(79): CodeIgniter\CodeIgniter->run()
 6 SYSTEMPATH\Commands\Server\rewrite.php(47): require_once('C:\\laragon\\www\\ecommerce-main\\public\\index.php')
CRITICAL - 2023-10-01 11:32:44 --> Trying to access array offset on value of type null
in APPPATH\Controllers\Home.php on line 78.
 1 APPPATH\Controllers\Home.php(78): CodeIgniter\Debug\Exceptions->errorHandler(2, 'Trying to access array offset on value of type null', 'C:\\laragon\\www\\ecommerce-main\\app\\Controllers\\Home.php', 78)
 2 SYSTEMPATH\CodeIgniter.php(919): App\Controllers\Home->admin()
 3 SYSTEMPATH\CodeIgniter.php(494): CodeIgniter\CodeIgniter->runController(Object(App\Controllers\Home))
 4 SYSTEMPATH\CodeIgniter.php(353): CodeIgniter\CodeIgniter->handleRequest(null, Object(Config\Cache), false)
 5 FCPATH\index.php(79): CodeIgniter\CodeIgniter->run()
 6 SYSTEMPATH\Commands\Server\rewrite.php(47): require_once('C:\\laragon\\www\\ecommerce-main\\public\\index.php')
CRITICAL - 2023-10-01 11:32:45 --> Trying to access array offset on value of type null
in APPPATH\Controllers\Home.php on line 78.
 1 APPPATH\Controllers\Home.php(78): CodeIgniter\Debug\Exceptions->errorHandler(2, 'Trying to access array offset on value of type null', 'C:\\laragon\\www\\ecommerce-main\\app\\Controllers\\Home.php', 78)
 2 SYSTEMPATH\CodeIgniter.php(919): App\Controllers\Home->admin()
 3 SYSTEMPATH\CodeIgniter.php(494): CodeIgniter\CodeIgniter->runController(Object(App\Controllers\Home))
 4 SYSTEMPATH\CodeIgniter.php(353): CodeIgniter\CodeIgniter->handleRequest(null, Object(Config\Cache), false)
 5 FCPATH\index.php(79): CodeIgniter\CodeIgniter->run()
 6 SYSTEMPATH\Commands\Server\rewrite.php(47): require_once('C:\\laragon\\www\\ecommerce-main\\public\\index.php')
CRITICAL - 2023-10-01 11:37:32 --> syntax error, unexpected token ";"
in APPPATH\Views\admin.php on line 45.
 1 SYSTEMPATH\View\View.php(229): CodeIgniter\View\View->CodeIgniter\View\{closure}()
 2 SYSTEMPATH\Common.php(1188): CodeIgniter\View\View->render('admin', [], true)
 3 APPPATH\Controllers\Home.php(91): view('admin', [...])
 4 SYSTEMPATH\CodeIgniter.php(919): App\Controllers\Home->admin()
 5 SYSTEMPATH\CodeIgniter.php(494): CodeIgniter\CodeIgniter->runController(Object(App\Controllers\Home))
 6 SYSTEMPATH\CodeIgniter.php(353): CodeIgniter\CodeIgniter->handleRequest(null, Object(Config\Cache), false)
 7 FCPATH\index.php(79): CodeIgniter\CodeIgniter->run()
 8 SYSTEMPATH\Commands\Server\rewrite.php(47): require_once('C:\\laragon\\www\\ecommerce-main\\public\\index.php')
CRITICAL - 2023-10-01 12:51:17 --> syntax error, unexpected token "public", expecting end of file
in APPPATH\Filters\AuthGuard.php on line 51.
 1 SYSTEMPATH\Autoloader\Autoloader.php(285): CodeIgniter\Autoloader\Autoloader->includeFile('C:\\laragon\\www\\ecommerce-main\\app\\Filters\\AuthGuard.php')
 2 SYSTEMPATH\Autoloader\Autoloader.php(263): CodeIgniter\Autoloader\Autoloader->loadInNamespace('App\\Filters\\AuthGuard')
 3 SYSTEMPATH\Filters\Filters.php(173): CodeIgniter\Autoloader\Autoloader->loadClass('App\\Filters\\AuthGuard')
 4 SYSTEMPATH\CodeIgniter.php(466): CodeIgniter\Filters\Filters->run('admin', 'before')
 5 SYSTEMPATH\CodeIgniter.php(353): CodeIgniter\CodeIgniter->handleRequest(null, Object(Config\Cache), false)
 6 FCPATH\index.php(79): CodeIgniter\CodeIgniter->run()
 7 SYSTEMPATH\Commands\Server\rewrite.php(47): require_once('C:\\laragon\\www\\ecommerce-main\\public\\index.php')
