CRITICAL - 2023-09-29 23:20:27 --> Maximum execution time of 60 seconds exceeded
in SYSTEMPATH\Database\MySQLi\Connection.php on line 185.
 1 [internal function]: CodeIgniter\Debug\Exceptions->shutdownHandler()
CRITICAL - 2023-09-29 23:23:14 --> Undefined variable $play
in APPPATH\Views\include\collection.php on line 15.
 1 APPPATH\Views\include\collection.php(15): CodeIgniter\Debug\Exceptions->errorHandler(2, 'Undefined variable $play', 'C:\\laragon\\www\\ecommerce-main\\app\\Views\\include\\collection.php', 15)
 2 SYSTEMPATH\View\View.php(226): include('C:\\laragon\\www\\ecommerce-main\\app\\Views\\include\\collection.php')
 3 SYSTEMPATH\View\View.php(229): CodeIgniter\View\View->CodeIgniter\View\{closure}()
 4 SYSTEMPATH\View\View.php(467): CodeIgniter\View\View->render('include/collection', null, true)
 5 APPPATH\Views\home.php(2): CodeIgniter\View\View->include('include/collection')
 6 SYSTEMPATH\View\View.php(226): include('C:\\laragon\\www\\ecommerce-main\\app\\Views\\home.php')
 7 SYSTEMPATH\View\View.php(229): CodeIgniter\View\View->CodeIgniter\View\{closure}()
 8 SYSTEMPATH\Common.php(1188): CodeIgniter\View\View->render('home', [], true)
 9 APPPATH\Controllers\Home.php(21): view('home', [...])
10 SYSTEMPATH\CodeIgniter.php(919): App\Controllers\Home->index()
11 SYSTEMPATH\CodeIgniter.php(494): CodeIgniter\CodeIgniter->runController(Object(App\Controllers\Home))
12 SYSTEMPATH\CodeIgniter.php(353): CodeIgniter\CodeIgniter->handleRequest(null, Object(Config\Cache), false)
13 FCPATH\index.php(79): CodeIgniter\CodeIgniter->run()
14 SYSTEMPATH\Commands\Server\rewrite.php(47): require_once('C:\\laragon\\www\\ecommerce-main\\public\\index.php')
CRITICAL - 2023-09-29 23:42:11 --> Undefined variable $categories
in APPPATH\Views\include\collection.php on line 14.
 1 APPPATH\Views\include\collection.php(14): CodeIgniter\Debug\Exceptions->errorHandler(2, 'Undefined variable $categories', 'C:\\laragon\\www\\ecommerce-main\\app\\Views\\include\\collection.php', 14)
 2 SYSTEMPATH\View\View.php(226): include('C:\\laragon\\www\\ecommerce-main\\app\\Views\\include\\collection.php')
 3 SYSTEMPATH\View\View.php(229): CodeIgniter\View\View->CodeIgniter\View\{closure}()
 4 SYSTEMPATH\Common.php(1188): CodeIgniter\View\View->render('include/collection', [], true)
 5 APPPATH\Controllers\Home.php(35): view('include/collection')
 6 SYSTEMPATH\CodeIgniter.php(919): App\Controllers\Home->collection()
 7 SYSTEMPATH\CodeIgniter.php(494): CodeIgniter\CodeIgniter->runController(Object(App\Controllers\Home))
 8 SYSTEMPATH\CodeIgniter.php(353): CodeIgniter\CodeIgniter->handleRequest(null, Object(Config\Cache), false)
 9 FCPATH\index.php(79): CodeIgniter\CodeIgniter->run()
10 SYSTEMPATH\Commands\Server\rewrite.php(47): require_once('C:\\laragon\\www\\ecommerce-main\\public\\index.php')
CRITICAL - 2023-09-29 23:47:35 --> Too few arguments to function App\Controllers\Home::collection(), 0 passed in C:\laragon\www\ecommerce-main\vendor\codeigniter4\framework\system\CodeIgniter.php on line 919 and exactly 1 expected
in APPPATH\Controllers\Home.php on line 33.
 1 SYSTEMPATH\CodeIgniter.php(919): App\Controllers\Home->collection()
 2 SYSTEMPATH\CodeIgniter.php(494): CodeIgniter\CodeIgniter->runController(Object(App\Controllers\Home))
 3 SYSTEMPATH\CodeIgniter.php(353): CodeIgniter\CodeIgniter->handleRequest(null, Object(Config\Cache), false)
 4 FCPATH\index.php(79): CodeIgniter\CodeIgniter->run()
 5 SYSTEMPATH\Commands\Server\rewrite.php(47): require_once('C:\\laragon\\www\\ecommerce-main\\public\\index.php')
CRITICAL - 2023-09-29 23:52:42 --> Too few arguments to function App\Controllers\Home::collection(), 0 passed in C:\laragon\www\ecommerce-main\vendor\codeigniter4\framework\system\CodeIgniter.php on line 919 and exactly 1 expected
in APPPATH\Controllers\Home.php on line 33.
 1 SYSTEMPATH\CodeIgniter.php(919): App\Controllers\Home->collection()
 2 SYSTEMPATH\CodeIgniter.php(494): CodeIgniter\CodeIgniter->runController(Object(App\Controllers\Home))
 3 SYSTEMPATH\CodeIgniter.php(353): CodeIgniter\CodeIgniter->handleRequest(null, Object(Config\Cache), false)
 4 FCPATH\index.php(79): CodeIgniter\CodeIgniter->run()
 5 SYSTEMPATH\Commands\Server\rewrite.php(47): require_once('C:\\laragon\\www\\ecommerce-main\\public\\index.php')
CRITICAL - 2023-09-29 23:53:00 --> Undefined variable $categories
in APPPATH\Views\include\collection.php on line 14.
 1 APPPATH\Views\include\collection.php(14): CodeIgniter\Debug\Exceptions->errorHandler(2, 'Undefined variable $categories', 'C:\\laragon\\www\\ecommerce-main\\app\\Views\\include\\collection.php', 14)
 2 SYSTEMPATH\View\View.php(226): include('C:\\laragon\\www\\ecommerce-main\\app\\Views\\include\\collection.php')
 3 SYSTEMPATH\View\View.php(229): CodeIgniter\View\View->CodeIgniter\View\{closure}()
 4 SYSTEMPATH\Common.php(1188): CodeIgniter\View\View->render('include/collection', [], true)
 5 APPPATH\Controllers\Home.php(37): view('include/collection')
 6 SYSTEMPATH\CodeIgniter.php(919): App\Controllers\Home->collection()
 7 SYSTEMPATH\CodeIgniter.php(494): CodeIgniter\CodeIgniter->runController(Object(App\Controllers\Home))
 8 SYSTEMPATH\CodeIgniter.php(353): CodeIgniter\CodeIgniter->handleRequest(null, Object(Config\Cache), false)
 9 FCPATH\index.php(79): CodeIgniter\CodeIgniter->run()
10 SYSTEMPATH\Commands\Server\rewrite.php(47): require_once('C:\\laragon\\www\\ecommerce-main\\public\\index.php')
CRITICAL - 2023-09-29 23:53:41 --> Undefined variable $categories
in APPPATH\Views\include\collection.php on line 14.
 1 APPPATH\Views\include\collection.php(14): CodeIgniter\Debug\Exceptions->errorHandler(2, 'Undefined variable $categories', 'C:\\laragon\\www\\ecommerce-main\\app\\Views\\include\\collection.php', 14)
 2 SYSTEMPATH\View\View.php(226): include('C:\\laragon\\www\\ecommerce-main\\app\\Views\\include\\collection.php')
 3 SYSTEMPATH\View\View.php(229): CodeIgniter\View\View->CodeIgniter\View\{closure}()
 4 SYSTEMPATH\Common.php(1188): CodeIgniter\View\View->render('include/collection', [], true)
 5 APPPATH\Controllers\Home.php(36): view('include/collection')
 6 SYSTEMPATH\CodeIgniter.php(919): App\Controllers\Home->collection()
 7 SYSTEMPATH\CodeIgniter.php(494): CodeIgniter\CodeIgniter->runController(Object(App\Controllers\Home))
 8 SYSTEMPATH\CodeIgniter.php(353): CodeIgniter\CodeIgniter->handleRequest(null, Object(Config\Cache), false)
 9 FCPATH\index.php(79): CodeIgniter\CodeIgniter->run()
10 SYSTEMPATH\Commands\Server\rewrite.php(47): require_once('C:\\laragon\\www\\ecommerce-main\\public\\index.php')
CRITICAL - 2023-09-29 23:55:39 --> Undefined variable $categories
in APPPATH\Views\include\collection.php on line 14.
 1 APPPATH\Views\include\collection.php(14): CodeIgniter\Debug\Exceptions->errorHandler(2, 'Undefined variable $categories', 'C:\\laragon\\www\\ecommerce-main\\app\\Views\\include\\collection.php', 14)
 2 SYSTEMPATH\View\View.php(226): include('C:\\laragon\\www\\ecommerce-main\\app\\Views\\include\\collection.php')
 3 SYSTEMPATH\View\View.php(229): CodeIgniter\View\View->CodeIgniter\View\{closure}()
 4 SYSTEMPATH\Common.php(1188): CodeIgniter\View\View->render('include/collection', [], true)
 5 APPPATH\Controllers\Home.php(41): view('include/collection')
 6 SYSTEMPATH\CodeIgniter.php(919): App\Controllers\Home->collection()
 7 SYSTEMPATH\CodeIgniter.php(494): CodeIgniter\CodeIgniter->runController(Object(App\Controllers\Home))
 8 SYSTEMPATH\CodeIgniter.php(353): CodeIgniter\CodeIgniter->handleRequest(null, Object(Config\Cache), false)
 9 FCPATH\index.php(79): CodeIgniter\CodeIgniter->run()
10 SYSTEMPATH\Commands\Server\rewrite.php(47): require_once('C:\\laragon\\www\\ecommerce-main\\public\\index.php')
CRITICAL - 2023-09-29 23:56:00 --> foreach() argument must be of type array|object, null given
in APPPATH\Views\include\collection.php on line 14.
 1 APPPATH\Views\include\collection.php(14): CodeIgniter\Debug\Exceptions->errorHandler(2, 'foreach() argument must be of type array|object, null given', 'C:\\laragon\\www\\ecommerce-main\\app\\Views\\include\\collection.php', 14)
 2 SYSTEMPATH\View\View.php(226): include('C:\\laragon\\www\\ecommerce-main\\app\\Views\\include\\collection.php')
 3 SYSTEMPATH\View\View.php(229): CodeIgniter\View\View->CodeIgniter\View\{closure}()
 4 SYSTEMPATH\Common.php(1188): CodeIgniter\View\View->render('include/collection', [], true)
 5 APPPATH\Controllers\Home.php(41): view('include/collection', [...])
 6 SYSTEMPATH\CodeIgniter.php(919): App\Controllers\Home->collection()
 7 SYSTEMPATH\CodeIgniter.php(494): CodeIgniter\CodeIgniter->runController(Object(App\Controllers\Home))
 8 SYSTEMPATH\CodeIgniter.php(353): CodeIgniter\CodeIgniter->handleRequest(null, Object(Config\Cache), false)
 9 FCPATH\index.php(79): CodeIgniter\CodeIgniter->run()
10 SYSTEMPATH\Commands\Server\rewrite.php(47): require_once('C:\\laragon\\www\\ecommerce-main\\public\\index.php')
CRITICAL - 2023-09-29 23:57:20 --> Undefined variable $categories
in APPPATH\Views\include\collection.php on line 14.
 1 APPPATH\Views\include\collection.php(14): CodeIgniter\Debug\Exceptions->errorHandler(2, 'Undefined variable $categories', 'C:\\laragon\\www\\ecommerce-main\\app\\Views\\include\\collection.php', 14)
 2 SYSTEMPATH\View\View.php(226): include('C:\\laragon\\www\\ecommerce-main\\app\\Views\\include\\collection.php')
 3 SYSTEMPATH\View\View.php(229): CodeIgniter\View\View->CodeIgniter\View\{closure}()
 4 SYSTEMPATH\Common.php(1188): CodeIgniter\View\View->render('include/collection', [], true)
 5 APPPATH\Controllers\Home.php(35): view('include/collection')
 6 SYSTEMPATH\CodeIgniter.php(919): App\Controllers\Home->collection()
 7 SYSTEMPATH\CodeIgniter.php(494): CodeIgniter\CodeIgniter->runController(Object(App\Controllers\Home))
 8 SYSTEMPATH\CodeIgniter.php(353): CodeIgniter\CodeIgniter->handleRequest(null, Object(Config\Cache), false)
 9 FCPATH\index.php(79): CodeIgniter\CodeIgniter->run()
10 SYSTEMPATH\Commands\Server\rewrite.php(47): require_once('C:\\laragon\\www\\ecommerce-main\\public\\index.php')
