CRITICAL - 2023-09-30 01:05:00 --> Undefined variable $categories
in APPPATH\Views\include\collection.php on line 14.
 1 APPPATH\Views\include\collection.php(14): CodeIgniter\Debug\Exceptions->errorHandler(2, 'Undefined variable $categories', 'C:\\laragon\\www\\ecommerce-main\\app\\Views\\include\\collection.php', 14)
 2 SYSTEMPATH\View\View.php(226): include('C:\\laragon\\www\\ecommerce-main\\app\\Views\\include\\collection.php')
 3 SYSTEMPATH\View\View.php(229): CodeIgniter\View\View->CodeIgniter\View\{closure}()
 4 SYSTEMPATH\Common.php(1188): CodeIgniter\View\View->render('include/collection', [], true)
 5 APPPATH\Controllers\Home.php(36): view('include/collection')
 6 SYSTEMPATH\CodeIgniter.php(919): App\Controllers\Home->collection()
 7 SYSTEMPATH\CodeIgniter.php(494): CodeIgniter\CodeIgniter->runController(Object(App\Controllers\Home))
 8 SYSTEMPATH\CodeIgniter.php(353): CodeIgniter\CodeIgniter->handleRequest(null, Object(Config\Cache), false)
 9 FCPATH\index.php(79): CodeIgniter\CodeIgniter->run()
10 SYSTEMPATH\Commands\Server\rewrite.php(47): require_once('C:\\laragon\\www\\ecommerce-main\\public\\index.php')
CRITICAL - 2023-09-30 01:18:11 --> Maximum execution time of 60 seconds exceeded
in APPPATH\Config\Filters.php on line 72.
 1 [internal function]: CodeIgniter\Debug\Exceptions->shutdownHandler()
CRITICAL - 2023-09-30 02:19:11 --> Too few arguments to function App\Controllers\Home::categories(), 0 passed in C:\laragon\www\ecommerce-main\vendor\codeigniter4\framework\system\CodeIgniter.php on line 919 and exactly 1 expected
in APPPATH\Controllers\Home.php on line 23.
 1 SYSTEMPATH\CodeIgniter.php(919): App\Controllers\Home->categories()
 2 SYSTEMPATH\CodeIgniter.php(494): CodeIgniter\CodeIgniter->runController(Object(App\Controllers\Home))
 3 SYSTEMPATH\CodeIgniter.php(353): CodeIgniter\CodeIgniter->handleRequest(null, Object(Config\Cache), false)
 4 FCPATH\index.php(79): CodeIgniter\CodeIgniter->run()
 5 SYSTEMPATH\Commands\Server\rewrite.php(47): require_once('C:\\laragon\\www\\ecommerce-main\\public\\index.php')
CRITICAL - 2023-09-30 02:19:51 --> Too few arguments to function App\Controllers\Home::categories(), 0 passed in C:\laragon\www\ecommerce-main\vendor\codeigniter4\framework\system\CodeIgniter.php on line 919 and exactly 1 expected
in APPPATH\Controllers\Home.php on line 23.
 1 SYSTEMPATH\CodeIgniter.php(919): App\Controllers\Home->categories()
 2 SYSTEMPATH\CodeIgniter.php(494): CodeIgniter\CodeIgniter->runController(Object(App\Controllers\Home))
 3 SYSTEMPATH\CodeIgniter.php(353): CodeIgniter\CodeIgniter->handleRequest(null, Object(Config\Cache), false)
 4 FCPATH\index.php(79): CodeIgniter\CodeIgniter->run()
 5 SYSTEMPATH\Commands\Server\rewrite.php(47): require_once('C:\\laragon\\www\\ecommerce-main\\public\\index.php')
CRITICAL - 2023-09-30 02:20:06 --> Too few arguments to function App\Controllers\Home::categories(), 0 passed in C:\laragon\www\ecommerce-main\vendor\codeigniter4\framework\system\CodeIgniter.php on line 919 and exactly 1 expected
in APPPATH\Controllers\Home.php on line 23.
 1 SYSTEMPATH\CodeIgniter.php(919): App\Controllers\Home->categories()
 2 SYSTEMPATH\CodeIgniter.php(494): CodeIgniter\CodeIgniter->runController(Object(App\Controllers\Home))
 3 SYSTEMPATH\CodeIgniter.php(353): CodeIgniter\CodeIgniter->handleRequest(null, Object(Config\Cache), false)
 4 FCPATH\index.php(79): CodeIgniter\CodeIgniter->run()
 5 SYSTEMPATH\Commands\Server\rewrite.php(47): require_once('C:\\laragon\\www\\ecommerce-main\\public\\index.php')
CRITICAL - 2023-09-30 02:22:47 --> Too few arguments to function App\Controllers\Home::categories(), 0 passed in C:\laragon\www\ecommerce-main\vendor\codeigniter4\framework\system\CodeIgniter.php on line 919 and exactly 1 expected
in APPPATH\Controllers\Home.php on line 23.
 1 SYSTEMPATH\CodeIgniter.php(919): App\Controllers\Home->categories()
 2 SYSTEMPATH\CodeIgniter.php(494): CodeIgniter\CodeIgniter->runController(Object(App\Controllers\Home))
 3 SYSTEMPATH\CodeIgniter.php(353): CodeIgniter\CodeIgniter->handleRequest(null, Object(Config\Cache), false)
 4 FCPATH\index.php(79): CodeIgniter\CodeIgniter->run()
 5 SYSTEMPATH\Commands\Server\rewrite.php(47): require_once('C:\\laragon\\www\\ecommerce-main\\public\\index.php')
CRITICAL - 2023-09-30 06:45:06 --> Maximum execution time of 60 seconds exceeded
in SYSTEMPATH\Database\MySQLi\Connection.php on line 185.
 1 [internal function]: CodeIgniter\Debug\Exceptions->shutdownHandler()
CRITICAL - 2023-09-30 08:03:40 --> Too few arguments to function App\Controllers\Home::categories(), 0 passed in C:\laragon\www\ecommerce-main\vendor\codeigniter4\framework\system\CodeIgniter.php on line 919 and exactly 1 expected
in APPPATH\Controllers\Home.php on line 23.
 1 SYSTEMPATH\CodeIgniter.php(919): App\Controllers\Home->categories()
 2 SYSTEMPATH\CodeIgniter.php(494): CodeIgniter\CodeIgniter->runController(Object(App\Controllers\Home))
 3 SYSTEMPATH\CodeIgniter.php(353): CodeIgniter\CodeIgniter->handleRequest(null, Object(Config\Cache), false)
 4 FCPATH\index.php(79): CodeIgniter\CodeIgniter->run()
 5 SYSTEMPATH\Commands\Server\rewrite.php(47): require_once('C:\\laragon\\www\\ecommerce-main\\public\\index.php')
CRITICAL - 2023-09-30 08:14:56 --> Too few arguments to function App\Controllers\Home::categories(), 0 passed in C:\laragon\www\ecommerce-main\vendor\codeigniter4\framework\system\CodeIgniter.php on line 919 and exactly 1 expected
in APPPATH\Controllers\Home.php on line 23.
 1 SYSTEMPATH\CodeIgniter.php(919): App\Controllers\Home->categories()
 2 SYSTEMPATH\CodeIgniter.php(494): CodeIgniter\CodeIgniter->runController(Object(App\Controllers\Home))
 3 SYSTEMPATH\CodeIgniter.php(353): CodeIgniter\CodeIgniter->handleRequest(null, Object(Config\Cache), false)
 4 FCPATH\index.php(79): CodeIgniter\CodeIgniter->run()
 5 SYSTEMPATH\Commands\Server\rewrite.php(47): require_once('C:\\laragon\\www\\ecommerce-main\\public\\index.php')
CRITICAL - 2023-09-30 08:24:51 --> Too few arguments to function App\Controllers\Home::categories(), 0 passed in C:\laragon\www\ecommerce-main\vendor\codeigniter4\framework\system\CodeIgniter.php on line 919 and exactly 1 expected
in APPPATH\Controllers\Home.php on line 23.
 1 SYSTEMPATH\CodeIgniter.php(919): App\Controllers\Home->categories()
 2 SYSTEMPATH\CodeIgniter.php(494): CodeIgniter\CodeIgniter->runController(Object(App\Controllers\Home))
 3 SYSTEMPATH\CodeIgniter.php(353): CodeIgniter\CodeIgniter->handleRequest(null, Object(Config\Cache), false)
 4 FCPATH\index.php(79): CodeIgniter\CodeIgniter->run()
 5 SYSTEMPATH\Commands\Server\rewrite.php(47): require_once('C:\\laragon\\www\\ecommerce-main\\public\\index.php')
CRITICAL - 2023-09-30 08:41:37 --> Too few arguments to function App\Controllers\Home::categories(), 0 passed in C:\laragon\www\ecommerce-main\vendor\codeigniter4\framework\system\CodeIgniter.php on line 919 and exactly 1 expected
in APPPATH\Controllers\Home.php on line 23.
 1 SYSTEMPATH\CodeIgniter.php(919): App\Controllers\Home->categories()
 2 SYSTEMPATH\CodeIgniter.php(494): CodeIgniter\CodeIgniter->runController(Object(App\Controllers\Home))
 3 SYSTEMPATH\CodeIgniter.php(353): CodeIgniter\CodeIgniter->handleRequest(null, Object(Config\Cache), false)
 4 FCPATH\index.php(79): CodeIgniter\CodeIgniter->run()
 5 SYSTEMPATH\Commands\Server\rewrite.php(47): require_once('C:\\laragon\\www\\ecommerce-main\\public\\index.php')
CRITICAL - 2023-09-30 08:42:53 --> Too few arguments to function App\Controllers\Home::categories(), 0 passed in C:\laragon\www\ecommerce-main\vendor\codeigniter4\framework\system\CodeIgniter.php on line 919 and exactly 1 expected
in APPPATH\Controllers\Home.php on line 23.
 1 SYSTEMPATH\CodeIgniter.php(919): App\Controllers\Home->categories()
 2 SYSTEMPATH\CodeIgniter.php(494): CodeIgniter\CodeIgniter->runController(Object(App\Controllers\Home))
 3 SYSTEMPATH\CodeIgniter.php(353): CodeIgniter\CodeIgniter->handleRequest(null, Object(Config\Cache), false)
 4 FCPATH\index.php(79): CodeIgniter\CodeIgniter->run()
 5 SYSTEMPATH\Commands\Server\rewrite.php(47): require_once('C:\\laragon\\www\\ecommerce-main\\public\\index.php')
CRITICAL - 2023-09-30 08:43:01 --> Too few arguments to function App\Controllers\Home::categories(), 0 passed in C:\laragon\www\ecommerce-main\vendor\codeigniter4\framework\system\CodeIgniter.php on line 919 and exactly 1 expected
in APPPATH\Controllers\Home.php on line 23.
 1 SYSTEMPATH\CodeIgniter.php(919): App\Controllers\Home->categories()
 2 SYSTEMPATH\CodeIgniter.php(494): CodeIgniter\CodeIgniter->runController(Object(App\Controllers\Home))
 3 SYSTEMPATH\CodeIgniter.php(353): CodeIgniter\CodeIgniter->handleRequest(null, Object(Config\Cache), false)
 4 FCPATH\index.php(79): CodeIgniter\CodeIgniter->run()
 5 SYSTEMPATH\Commands\Server\rewrite.php(47): require_once('C:\\laragon\\www\\ecommerce-main\\public\\index.php')
CRITICAL - 2023-09-30 08:43:33 --> Too few arguments to function App\Controllers\Home::categories(), 0 passed in C:\laragon\www\ecommerce-main\vendor\codeigniter4\framework\system\CodeIgniter.php on line 919 and exactly 1 expected
in APPPATH\Controllers\Home.php on line 23.
 1 SYSTEMPATH\CodeIgniter.php(919): App\Controllers\Home->categories()
 2 SYSTEMPATH\CodeIgniter.php(494): CodeIgniter\CodeIgniter->runController(Object(App\Controllers\Home))
 3 SYSTEMPATH\CodeIgniter.php(353): CodeIgniter\CodeIgniter->handleRequest(null, Object(Config\Cache), false)
 4 FCPATH\index.php(79): CodeIgniter\CodeIgniter->run()
 5 SYSTEMPATH\Commands\Server\rewrite.php(47): require_once('C:\\laragon\\www\\ecommerce-main\\public\\index.php')
CRITICAL - 2023-09-30 08:48:12 --> Maximum execution time of 60 seconds exceeded
in APPPATH\Controllers\Home.php on line 7.
 1 [internal function]: CodeIgniter\Debug\Exceptions->shutdownHandler()
CRITICAL - 2023-09-30 08:48:30 --> Too few arguments to function App\Controllers\Home::categories(), 0 passed in C:\laragon\www\ecommerce-main\vendor\codeigniter4\framework\system\CodeIgniter.php on line 919 and exactly 1 expected
in APPPATH\Controllers\Home.php on line 23.
 1 SYSTEMPATH\CodeIgniter.php(919): App\Controllers\Home->categories()
 2 SYSTEMPATH\CodeIgniter.php(494): CodeIgniter\CodeIgniter->runController(Object(App\Controllers\Home))
 3 SYSTEMPATH\CodeIgniter.php(353): CodeIgniter\CodeIgniter->handleRequest(null, Object(Config\Cache), false)
 4 FCPATH\index.php(79): CodeIgniter\CodeIgniter->run()
 5 SYSTEMPATH\Commands\Server\rewrite.php(47): require_once('C:\\laragon\\www\\ecommerce-main\\public\\index.php')
CRITICAL - 2023-09-30 09:00:52 --> Too few arguments to function App\Controllers\Home::categories(), 0 passed in C:\laragon\www\ecommerce-main\vendor\codeigniter4\framework\system\CodeIgniter.php on line 919 and exactly 1 expected
in APPPATH\Controllers\Home.php on line 23.
 1 SYSTEMPATH\CodeIgniter.php(919): App\Controllers\Home->categories()
 2 SYSTEMPATH\CodeIgniter.php(494): CodeIgniter\CodeIgniter->runController(Object(App\Controllers\Home))
 3 SYSTEMPATH\CodeIgniter.php(353): CodeIgniter\CodeIgniter->handleRequest(null, Object(Config\Cache), false)
 4 FCPATH\index.php(79): CodeIgniter\CodeIgniter->run()
 5 SYSTEMPATH\Commands\Server\rewrite.php(47): require_once('C:\\laragon\\www\\ecommerce-main\\public\\index.php')
CRITICAL - 2023-09-30 09:02:20 --> Too few arguments to function App\Controllers\Home::categories(), 0 passed in C:\laragon\www\ecommerce-main\vendor\codeigniter4\framework\system\CodeIgniter.php on line 919 and exactly 1 expected
in APPPATH\Controllers\Home.php on line 23.
 1 SYSTEMPATH\CodeIgniter.php(919): App\Controllers\Home->categories()
 2 SYSTEMPATH\CodeIgniter.php(494): CodeIgniter\CodeIgniter->runController(Object(App\Controllers\Home))
 3 SYSTEMPATH\CodeIgniter.php(353): CodeIgniter\CodeIgniter->handleRequest(null, Object(Config\Cache), false)
 4 FCPATH\index.php(79): CodeIgniter\CodeIgniter->run()
 5 SYSTEMPATH\Commands\Server\rewrite.php(47): require_once('C:\\laragon\\www\\ecommerce-main\\public\\index.php')
CRITICAL - 2023-09-30 09:04:47 --> Undefined variable $categories
in APPPATH\Views\include\collection.php on line 15.
 1 APPPATH\Views\include\collection.php(15): CodeIgniter\Debug\Exceptions->errorHandler(2, 'Undefined variable $categories', 'C:\\laragon\\www\\ecommerce-main\\app\\Views\\include\\collection.php', 15)
 2 SYSTEMPATH\View\View.php(226): include('C:\\laragon\\www\\ecommerce-main\\app\\Views\\include\\collection.php')
 3 SYSTEMPATH\View\View.php(229): CodeIgniter\View\View->CodeIgniter\View\{closure}()
 4 SYSTEMPATH\View\View.php(467): CodeIgniter\View\View->render('include/collection', null, true)
 5 APPPATH\Views\home.php(2): CodeIgniter\View\View->include('include/collection')
 6 SYSTEMPATH\View\View.php(226): include('C:\\laragon\\www\\ecommerce-main\\app\\Views\\home.php')
 7 SYSTEMPATH\View\View.php(229): CodeIgniter\View\View->CodeIgniter\View\{closure}()
 8 SYSTEMPATH\Common.php(1188): CodeIgniter\View\View->render('home', [], true)
 9 APPPATH\Controllers\Home.php(37): view('home', [...])
10 SYSTEMPATH\CodeIgniter.php(919): App\Controllers\Home->categories('1')
11 SYSTEMPATH\CodeIgniter.php(494): CodeIgniter\CodeIgniter->runController(Object(App\Controllers\Home))
12 SYSTEMPATH\CodeIgniter.php(353): CodeIgniter\CodeIgniter->handleRequest(null, Object(Config\Cache), false)
13 FCPATH\index.php(79): CodeIgniter\CodeIgniter->run()
14 SYSTEMPATH\Commands\Server\rewrite.php(47): require_once('C:\\laragon\\www\\ecommerce-main\\public\\index.php')
CRITICAL - 2023-09-30 09:07:30 --> Undefined variable $categories
in APPPATH\Views\include\collection.php on line 15.
 1 APPPATH\Views\include\collection.php(15): CodeIgniter\Debug\Exceptions->errorHandler(2, 'Undefined variable $categories', 'C:\\laragon\\www\\ecommerce-main\\app\\Views\\include\\collection.php', 15)
 2 SYSTEMPATH\View\View.php(226): include('C:\\laragon\\www\\ecommerce-main\\app\\Views\\include\\collection.php')
 3 SYSTEMPATH\View\View.php(229): CodeIgniter\View\View->CodeIgniter\View\{closure}()
 4 SYSTEMPATH\Common.php(1188): CodeIgniter\View\View->render('include/collection', [], true)
 5 APPPATH\Controllers\Home.php(32): view('include/collection', [...])
 6 SYSTEMPATH\CodeIgniter.php(919): App\Controllers\Home->categories('1')
 7 SYSTEMPATH\CodeIgniter.php(494): CodeIgniter\CodeIgniter->runController(Object(App\Controllers\Home))
 8 SYSTEMPATH\CodeIgniter.php(353): CodeIgniter\CodeIgniter->handleRequest(null, Object(Config\Cache), false)
 9 FCPATH\index.php(79): CodeIgniter\CodeIgniter->run()
10 SYSTEMPATH\Commands\Server\rewrite.php(47): require_once('C:\\laragon\\www\\ecommerce-main\\public\\index.php')
CRITICAL - 2023-09-30 09:07:38 --> Undefined variable $categories
in APPPATH\Views\include\collection.php on line 15.
 1 APPPATH\Views\include\collection.php(15): CodeIgniter\Debug\Exceptions->errorHandler(2, 'Undefined variable $categories', 'C:\\laragon\\www\\ecommerce-main\\app\\Views\\include\\collection.php', 15)
 2 SYSTEMPATH\View\View.php(226): include('C:\\laragon\\www\\ecommerce-main\\app\\Views\\include\\collection.php')
 3 SYSTEMPATH\View\View.php(229): CodeIgniter\View\View->CodeIgniter\View\{closure}()
 4 SYSTEMPATH\Common.php(1188): CodeIgniter\View\View->render('include/collection', [], true)
 5 APPPATH\Controllers\Home.php(32): view('include/collection', [...])
 6 SYSTEMPATH\CodeIgniter.php(919): App\Controllers\Home->categories('1')
 7 SYSTEMPATH\CodeIgniter.php(494): CodeIgniter\CodeIgniter->runController(Object(App\Controllers\Home))
 8 SYSTEMPATH\CodeIgniter.php(353): CodeIgniter\CodeIgniter->handleRequest(null, Object(Config\Cache), false)
 9 FCPATH\index.php(79): CodeIgniter\CodeIgniter->run()
10 SYSTEMPATH\Commands\Server\rewrite.php(47): require_once('C:\\laragon\\www\\ecommerce-main\\public\\index.php')
CRITICAL - 2023-09-30 09:10:01 --> Undefined variable $categories
in APPPATH\Views\include\collection.php on line 15.
 1 APPPATH\Views\include\collection.php(15): CodeIgniter\Debug\Exceptions->errorHandler(2, 'Undefined variable $categories', 'C:\\laragon\\www\\ecommerce-main\\app\\Views\\include\\collection.php', 15)
 2 SYSTEMPATH\View\View.php(226): include('C:\\laragon\\www\\ecommerce-main\\app\\Views\\include\\collection.php')
 3 SYSTEMPATH\View\View.php(229): CodeIgniter\View\View->CodeIgniter\View\{closure}()
 4 SYSTEMPATH\Common.php(1188): CodeIgniter\View\View->render('include/collection', [], true)
 5 APPPATH\Controllers\Home.php(32): view('include/collection', [...])
 6 SYSTEMPATH\CodeIgniter.php(919): App\Controllers\Home->categories('1')
 7 SYSTEMPATH\CodeIgniter.php(494): CodeIgniter\CodeIgniter->runController(Object(App\Controllers\Home))
 8 SYSTEMPATH\CodeIgniter.php(353): CodeIgniter\CodeIgniter->handleRequest(null, Object(Config\Cache), false)
 9 FCPATH\index.php(79): CodeIgniter\CodeIgniter->run()
10 SYSTEMPATH\Commands\Server\rewrite.php(47): require_once('C:\\laragon\\www\\ecommerce-main\\public\\index.php')
CRITICAL - 2023-09-30 09:10:27 --> Cannot access offset of type string on string
in APPPATH\Views\include\collection.php on line 17.
 1 SYSTEMPATH\View\View.php(226): include()
 2 SYSTEMPATH\View\View.php(229): CodeIgniter\View\View->CodeIgniter\View\{closure}()
 3 SYSTEMPATH\Common.php(1188): CodeIgniter\View\View->render('include/collection', [], true)
 4 APPPATH\Controllers\Home.php(32): view('include/collection', [...])
 5 SYSTEMPATH\CodeIgniter.php(919): App\Controllers\Home->categories('1')
 6 SYSTEMPATH\CodeIgniter.php(494): CodeIgniter\CodeIgniter->runController(Object(App\Controllers\Home))
 7 SYSTEMPATH\CodeIgniter.php(353): CodeIgniter\CodeIgniter->handleRequest(null, Object(Config\Cache), false)
 8 FCPATH\index.php(79): CodeIgniter\CodeIgniter->run()
 9 SYSTEMPATH\Commands\Server\rewrite.php(47): require_once('C:\\laragon\\www\\ecommerce-main\\public\\index.php')
CRITICAL - 2023-09-30 09:12:00 --> Cannot access offset of type string on string
in APPPATH\Views\include\collection.php on line 17.
 1 SYSTEMPATH\View\View.php(226): include()
 2 SYSTEMPATH\View\View.php(229): CodeIgniter\View\View->CodeIgniter\View\{closure}()
 3 SYSTEMPATH\Common.php(1188): CodeIgniter\View\View->render('include/collection', [], true)
 4 APPPATH\Controllers\Home.php(32): view('include/collection', [...])
 5 SYSTEMPATH\CodeIgniter.php(919): App\Controllers\Home->categories('1')
 6 SYSTEMPATH\CodeIgniter.php(494): CodeIgniter\CodeIgniter->runController(Object(App\Controllers\Home))
 7 SYSTEMPATH\CodeIgniter.php(353): CodeIgniter\CodeIgniter->handleRequest(null, Object(Config\Cache), false)
 8 FCPATH\index.php(79): CodeIgniter\CodeIgniter->run()
 9 SYSTEMPATH\Commands\Server\rewrite.php(47): require_once('C:\\laragon\\www\\ecommerce-main\\public\\index.php')
CRITICAL - 2023-09-30 09:15:51 --> Undefined variable $categories
in APPPATH\Views\include\collection.php on line 15.
 1 APPPATH\Views\include\collection.php(15): CodeIgniter\Debug\Exceptions->errorHandler(2, 'Undefined variable $categories', 'C:\\laragon\\www\\ecommerce-main\\app\\Views\\include\\collection.php', 15)
 2 SYSTEMPATH\View\View.php(226): include('C:\\laragon\\www\\ecommerce-main\\app\\Views\\include\\collection.php')
 3 SYSTEMPATH\View\View.php(229): CodeIgniter\View\View->CodeIgniter\View\{closure}()
 4 SYSTEMPATH\Common.php(1188): CodeIgniter\View\View->render('include/collection', [], true)
 5 APPPATH\Controllers\Home.php(40): view('include/collection', [...])
 6 SYSTEMPATH\CodeIgniter.php(919): App\Controllers\Home->categories('1')
 7 SYSTEMPATH\CodeIgniter.php(494): CodeIgniter\CodeIgniter->runController(Object(App\Controllers\Home))
 8 SYSTEMPATH\CodeIgniter.php(353): CodeIgniter\CodeIgniter->handleRequest(null, Object(Config\Cache), false)
 9 FCPATH\index.php(79): CodeIgniter\CodeIgniter->run()
10 SYSTEMPATH\Commands\Server\rewrite.php(47): require_once('C:\\laragon\\www\\ecommerce-main\\public\\index.php')
CRITICAL - 2023-09-30 09:16:43 --> Cannot access offset of type string on string
in APPPATH\Views\include\collection.php on line 17.
 1 SYSTEMPATH\View\View.php(226): include()
 2 SYSTEMPATH\View\View.php(229): CodeIgniter\View\View->CodeIgniter\View\{closure}()
 3 SYSTEMPATH\Common.php(1188): CodeIgniter\View\View->render('include/collection', [], true)
 4 APPPATH\Controllers\Home.php(40): view('include/collection', [...])
 5 SYSTEMPATH\CodeIgniter.php(919): App\Controllers\Home->categories('1')
 6 SYSTEMPATH\CodeIgniter.php(494): CodeIgniter\CodeIgniter->runController(Object(App\Controllers\Home))
 7 SYSTEMPATH\CodeIgniter.php(353): CodeIgniter\CodeIgniter->handleRequest(null, Object(Config\Cache), false)
 8 FCPATH\index.php(79): CodeIgniter\CodeIgniter->run()
 9 SYSTEMPATH\Commands\Server\rewrite.php(47): require_once('C:\\laragon\\www\\ecommerce-main\\public\\index.php')
CRITICAL - 2023-09-30 09:23:59 --> Cannot access offset of type string on string
in APPPATH\Views\include\collection.php on line 17.
 1 SYSTEMPATH\View\View.php(226): include()
 2 SYSTEMPATH\View\View.php(229): CodeIgniter\View\View->CodeIgniter\View\{closure}()
 3 SYSTEMPATH\Common.php(1188): CodeIgniter\View\View->render('include/collection', [], true)
 4 APPPATH\Controllers\Home.php(32): view('include/collection', [...])
 5 SYSTEMPATH\CodeIgniter.php(919): App\Controllers\Home->categories('1')
 6 SYSTEMPATH\CodeIgniter.php(494): CodeIgniter\CodeIgniter->runController(Object(App\Controllers\Home))
 7 SYSTEMPATH\CodeIgniter.php(353): CodeIgniter\CodeIgniter->handleRequest(null, Object(Config\Cache), false)
 8 FCPATH\index.php(79): CodeIgniter\CodeIgniter->run()
 9 SYSTEMPATH\Commands\Server\rewrite.php(47): require_once('C:\\laragon\\www\\ecommerce-main\\public\\index.php')
CRITICAL - 2023-09-30 09:31:09 --> Cannot access offset of type string on string
in APPPATH\Views\include\collection.php on line 17.
 1 SYSTEMPATH\View\View.php(226): include()
 2 SYSTEMPATH\View\View.php(229): CodeIgniter\View\View->CodeIgniter\View\{closure}()
 3 SYSTEMPATH\Common.php(1188): CodeIgniter\View\View->render('include/collection', [], true)
 4 APPPATH\Controllers\Home.php(32): view('include/collection', [...])
 5 SYSTEMPATH\CodeIgniter.php(919): App\Controllers\Home->categories('1')
 6 SYSTEMPATH\CodeIgniter.php(494): CodeIgniter\CodeIgniter->runController(Object(App\Controllers\Home))
 7 SYSTEMPATH\CodeIgniter.php(353): CodeIgniter\CodeIgniter->handleRequest(null, Object(Config\Cache), false)
 8 FCPATH\index.php(79): CodeIgniter\CodeIgniter->run()
 9 SYSTEMPATH\Commands\Server\rewrite.php(47): require_once('C:\\laragon\\www\\ecommerce-main\\public\\index.php')
CRITICAL - 2023-09-30 09:31:37 --> Cannot access offset of type string on string
in APPPATH\Views\include\collection.php on line 17.
 1 SYSTEMPATH\View\View.php(226): include()
 2 SYSTEMPATH\View\View.php(229): CodeIgniter\View\View->CodeIgniter\View\{closure}()
 3 SYSTEMPATH\Common.php(1188): CodeIgniter\View\View->render('include/collection', [], true)
 4 APPPATH\Controllers\Home.php(32): view('include/collection', [...])
 5 SYSTEMPATH\CodeIgniter.php(919): App\Controllers\Home->categories('1')
 6 SYSTEMPATH\CodeIgniter.php(494): CodeIgniter\CodeIgniter->runController(Object(App\Controllers\Home))
 7 SYSTEMPATH\CodeIgniter.php(353): CodeIgniter\CodeIgniter->handleRequest(null, Object(Config\Cache), false)
 8 FCPATH\index.php(79): CodeIgniter\CodeIgniter->run()
 9 SYSTEMPATH\Commands\Server\rewrite.php(47): require_once('C:\\laragon\\www\\ecommerce-main\\public\\index.php')
CRITICAL - 2023-09-30 09:32:50 --> Cannot access offset of type string on string
in APPPATH\Views\include\collection.php on line 17.
 1 SYSTEMPATH\View\View.php(226): include()
 2 SYSTEMPATH\View\View.php(229): CodeIgniter\View\View->CodeIgniter\View\{closure}()
 3 SYSTEMPATH\Common.php(1188): CodeIgniter\View\View->render('include/collection', [], true)
 4 APPPATH\Controllers\Home.php(32): view('include/collection', [...])
 5 SYSTEMPATH\CodeIgniter.php(919): App\Controllers\Home->categories('1')
 6 SYSTEMPATH\CodeIgniter.php(494): CodeIgniter\CodeIgniter->runController(Object(App\Controllers\Home))
 7 SYSTEMPATH\CodeIgniter.php(353): CodeIgniter\CodeIgniter->handleRequest(null, Object(Config\Cache), false)
 8 FCPATH\index.php(79): CodeIgniter\CodeIgniter->run()
 9 SYSTEMPATH\Commands\Server\rewrite.php(47): require_once('C:\\laragon\\www\\ecommerce-main\\public\\index.php')
CRITICAL - 2023-09-30 09:35:00 --> Cannot access offset of type string on string
in APPPATH\Views\include\collection.php on line 17.
 1 SYSTEMPATH\View\View.php(226): include()
 2 SYSTEMPATH\View\View.php(229): CodeIgniter\View\View->CodeIgniter\View\{closure}()
 3 SYSTEMPATH\Common.php(1188): CodeIgniter\View\View->render('include/collection', [], true)
 4 APPPATH\Controllers\Home.php(32): view('include/collection', [...])
 5 SYSTEMPATH\CodeIgniter.php(919): App\Controllers\Home->categories('1')
 6 SYSTEMPATH\CodeIgniter.php(494): CodeIgniter\CodeIgniter->runController(Object(App\Controllers\Home))
 7 SYSTEMPATH\CodeIgniter.php(353): CodeIgniter\CodeIgniter->handleRequest(null, Object(Config\Cache), false)
 8 FCPATH\index.php(79): CodeIgniter\CodeIgniter->run()
 9 SYSTEMPATH\Commands\Server\rewrite.php(47): require_once('C:\\laragon\\www\\ecommerce-main\\public\\index.php')
CRITICAL - 2023-09-30 09:35:14 --> Cannot access offset of type string on string
in APPPATH\Views\include\collection.php on line 17.
 1 SYSTEMPATH\View\View.php(226): include()
 2 SYSTEMPATH\View\View.php(229): CodeIgniter\View\View->CodeIgniter\View\{closure}()
 3 SYSTEMPATH\Common.php(1188): CodeIgniter\View\View->render('include/collection', [], true)
 4 APPPATH\Controllers\Home.php(32): view('include/collection', [...])
 5 SYSTEMPATH\CodeIgniter.php(919): App\Controllers\Home->categories('1')
 6 SYSTEMPATH\CodeIgniter.php(494): CodeIgniter\CodeIgniter->runController(Object(App\Controllers\Home))
 7 SYSTEMPATH\CodeIgniter.php(353): CodeIgniter\CodeIgniter->handleRequest(null, Object(Config\Cache), false)
 8 FCPATH\index.php(79): CodeIgniter\CodeIgniter->run()
 9 SYSTEMPATH\Commands\Server\rewrite.php(47): require_once('C:\\laragon\\www\\ecommerce-main\\public\\index.php')
CRITICAL - 2023-09-30 09:35:45 --> Cannot access offset of type string on string
in APPPATH\Views\include\collection.php on line 17.
 1 SYSTEMPATH\View\View.php(226): include()
 2 SYSTEMPATH\View\View.php(229): CodeIgniter\View\View->CodeIgniter\View\{closure}()
 3 SYSTEMPATH\Common.php(1188): CodeIgniter\View\View->render('include/collection', [], true)
 4 APPPATH\Controllers\Home.php(32): view('include/collection', [...])
 5 SYSTEMPATH\CodeIgniter.php(919): App\Controllers\Home->categories('1')
 6 SYSTEMPATH\CodeIgniter.php(494): CodeIgniter\CodeIgniter->runController(Object(App\Controllers\Home))
 7 SYSTEMPATH\CodeIgniter.php(353): CodeIgniter\CodeIgniter->handleRequest(null, Object(Config\Cache), false)
 8 FCPATH\index.php(79): CodeIgniter\CodeIgniter->run()
 9 SYSTEMPATH\Commands\Server\rewrite.php(47): require_once('C:\\laragon\\www\\ecommerce-main\\public\\index.php')
CRITICAL - 2023-09-30 09:39:33 --> Undefined array key "categories"
in APPPATH\Views\include\collection.php on line 15.
 1 APPPATH\Views\include\collection.php(15): CodeIgniter\Debug\Exceptions->errorHandler(2, 'Undefined array key "categories"', 'C:\\laragon\\www\\ecommerce-main\\app\\Views\\include\\collection.php', 15)
 2 SYSTEMPATH\View\View.php(226): include('C:\\laragon\\www\\ecommerce-main\\app\\Views\\include\\collection.php')
 3 SYSTEMPATH\View\View.php(229): CodeIgniter\View\View->CodeIgniter\View\{closure}()
 4 SYSTEMPATH\Common.php(1188): CodeIgniter\View\View->render('include/collection', [], true)
 5 APPPATH\Controllers\Home.php(32): view('include/collection', [...])
 6 SYSTEMPATH\CodeIgniter.php(919): App\Controllers\Home->categories('1')
 7 SYSTEMPATH\CodeIgniter.php(494): CodeIgniter\CodeIgniter->runController(Object(App\Controllers\Home))
 8 SYSTEMPATH\CodeIgniter.php(353): CodeIgniter\CodeIgniter->handleRequest(null, Object(Config\Cache), false)
 9 FCPATH\index.php(79): CodeIgniter\CodeIgniter->run()
10 SYSTEMPATH\Commands\Server\rewrite.php(47): require_once('C:\\laragon\\www\\ecommerce-main\\public\\index.php')
CRITICAL - 2023-09-30 09:40:44 --> Cannot access offset of type string on string
in APPPATH\Views\include\collection.php on line 17.
 1 SYSTEMPATH\View\View.php(226): include()
 2 SYSTEMPATH\View\View.php(229): CodeIgniter\View\View->CodeIgniter\View\{closure}()
 3 SYSTEMPATH\Common.php(1188): CodeIgniter\View\View->render('include/collection', [], true)
 4 APPPATH\Controllers\Home.php(32): view('include/collection', [...])
 5 SYSTEMPATH\CodeIgniter.php(919): App\Controllers\Home->categories('1')
 6 SYSTEMPATH\CodeIgniter.php(494): CodeIgniter\CodeIgniter->runController(Object(App\Controllers\Home))
 7 SYSTEMPATH\CodeIgniter.php(353): CodeIgniter\CodeIgniter->handleRequest(null, Object(Config\Cache), false)
 8 FCPATH\index.php(79): CodeIgniter\CodeIgniter->run()
 9 SYSTEMPATH\Commands\Server\rewrite.php(47): require_once('C:\\laragon\\www\\ecommerce-main\\public\\index.php')
CRITICAL - 2023-09-30 09:43:35 --> Cannot access offset of type string on string
in APPPATH\Views\include\collection.php on line 17.
 1 SYSTEMPATH\View\View.php(226): include()
 2 SYSTEMPATH\View\View.php(229): CodeIgniter\View\View->CodeIgniter\View\{closure}()
 3 SYSTEMPATH\Common.php(1188): CodeIgniter\View\View->render('include/collection', [], true)
 4 APPPATH\Controllers\Home.php(32): view('include/collection', [...])
 5 SYSTEMPATH\CodeIgniter.php(919): App\Controllers\Home->categories('1')
 6 SYSTEMPATH\CodeIgniter.php(494): CodeIgniter\CodeIgniter->runController(Object(App\Controllers\Home))
 7 SYSTEMPATH\CodeIgniter.php(353): CodeIgniter\CodeIgniter->handleRequest(null, Object(Config\Cache), false)
 8 FCPATH\index.php(79): CodeIgniter\CodeIgniter->run()
 9 SYSTEMPATH\Commands\Server\rewrite.php(47): require_once('C:\\laragon\\www\\ecommerce-main\\public\\index.php')
CRITICAL - 2023-09-30 09:55:15 --> Cannot access offset of type string on string
in APPPATH\Views\include\collection.php on line 17.
 1 SYSTEMPATH\View\View.php(226): include()
 2 SYSTEMPATH\View\View.php(229): CodeIgniter\View\View->CodeIgniter\View\{closure}()
 3 SYSTEMPATH\Common.php(1188): CodeIgniter\View\View->render('include/collection', [], true)
 4 APPPATH\Controllers\Home.php(31): view('include/collection', [...])
 5 SYSTEMPATH\CodeIgniter.php(919): App\Controllers\Home->categories('1')
 6 SYSTEMPATH\CodeIgniter.php(494): CodeIgniter\CodeIgniter->runController(Object(App\Controllers\Home))
 7 SYSTEMPATH\CodeIgniter.php(353): CodeIgniter\CodeIgniter->handleRequest(null, Object(Config\Cache), false)
 8 FCPATH\index.php(79): CodeIgniter\CodeIgniter->run()
 9 SYSTEMPATH\Commands\Server\rewrite.php(47): require_once('C:\\laragon\\www\\ecommerce-main\\public\\index.php')
CRITICAL - 2023-09-30 10:01:44 --> Cannot access offset of type string on string
in APPPATH\Views\include\collection.php on line 17.
 1 SYSTEMPATH\View\View.php(226): include()
 2 SYSTEMPATH\View\View.php(229): CodeIgniter\View\View->CodeIgniter\View\{closure}()
 3 SYSTEMPATH\Common.php(1188): CodeIgniter\View\View->render('include/collection', [], true)
 4 APPPATH\Controllers\Home.php(31): view('include/collection', [...])
 5 SYSTEMPATH\CodeIgniter.php(919): App\Controllers\Home->categories('1array(2) {  [')
 6 SYSTEMPATH\CodeIgniter.php(494): CodeIgniter\CodeIgniter->runController(Object(App\Controllers\Home))
 7 SYSTEMPATH\CodeIgniter.php(353): CodeIgniter\CodeIgniter->handleRequest(null, Object(Config\Cache), false)
 8 FCPATH\index.php(79): CodeIgniter\CodeIgniter->run()
 9 SYSTEMPATH\Commands\Server\rewrite.php(47): require_once('C:\\laragon\\www\\ecommerce-main\\public\\index.php')
CRITICAL - 2023-09-30 10:02:42 --> Cannot access offset of type string on string
in APPPATH\Views\include\collection.php on line 17.
 1 SYSTEMPATH\View\View.php(226): include()
 2 SYSTEMPATH\View\View.php(229): CodeIgniter\View\View->CodeIgniter\View\{closure}()
 3 SYSTEMPATH\Common.php(1188): CodeIgniter\View\View->render('include/collection', [], true)
 4 APPPATH\Controllers\Home.php(31): view('include/collection', [...])
 5 SYSTEMPATH\CodeIgniter.php(919): App\Controllers\Home->categories('1')
 6 SYSTEMPATH\CodeIgniter.php(494): CodeIgniter\CodeIgniter->runController(Object(App\Controllers\Home))
 7 SYSTEMPATH\CodeIgniter.php(353): CodeIgniter\CodeIgniter->handleRequest(null, Object(Config\Cache), false)
 8 FCPATH\index.php(79): CodeIgniter\CodeIgniter->run()
 9 SYSTEMPATH\Commands\Server\rewrite.php(47): require_once('C:\\laragon\\www\\ecommerce-main\\public\\index.php')
CRITICAL - 2023-09-30 11:46:31 --> Cannot access offset of type string on string
in APPPATH\Views\include\collection.php on line 17.
 1 SYSTEMPATH\View\View.php(226): include()
 2 SYSTEMPATH\View\View.php(229): CodeIgniter\View\View->CodeIgniter\View\{closure}()
 3 SYSTEMPATH\Common.php(1188): CodeIgniter\View\View->render('include/collection', [], true)
 4 APPPATH\Controllers\Home.php(31): view('include/collection', [...])
 5 SYSTEMPATH\CodeIgniter.php(919): App\Controllers\Home->categories('1')
 6 SYSTEMPATH\CodeIgniter.php(494): CodeIgniter\CodeIgniter->runController(Object(App\Controllers\Home))
 7 SYSTEMPATH\CodeIgniter.php(353): CodeIgniter\CodeIgniter->handleRequest(null, Object(Config\Cache), false)
 8 FCPATH\index.php(79): CodeIgniter\CodeIgniter->run()
 9 SYSTEMPATH\Commands\Server\rewrite.php(47): require_once('C:\\laragon\\www\\ecommerce-main\\public\\index.php')
CRITICAL - 2023-09-30 12:17:25 --> Undefined variable $product
in APPPATH\Views\include\collection.php on line 31.
 1 APPPATH\Views\include\collection.php(31): CodeIgniter\Debug\Exceptions->errorHandler(2, 'Undefined variable $product', 'C:\\laragon\\www\\ecommerce-main\\app\\Views\\include\\collection.php', 31)
 2 SYSTEMPATH\View\View.php(226): include('C:\\laragon\\www\\ecommerce-main\\app\\Views\\include\\collection.php')
 3 SYSTEMPATH\View\View.php(229): CodeIgniter\View\View->CodeIgniter\View\{closure}()
 4 SYSTEMPATH\Common.php(1188): CodeIgniter\View\View->render('include/collection', [], true)
 5 APPPATH\Controllers\Home.php(44): view('include/collection', [...])
 6 SYSTEMPATH\CodeIgniter.php(919): App\Controllers\Home->collection()
 7 SYSTEMPATH\CodeIgniter.php(494): CodeIgniter\CodeIgniter->runController(Object(App\Controllers\Home))
 8 SYSTEMPATH\CodeIgniter.php(353): CodeIgniter\CodeIgniter->handleRequest(null, Object(Config\Cache), false)
 9 FCPATH\index.php(79): CodeIgniter\CodeIgniter->run()
10 SYSTEMPATH\Commands\Server\rewrite.php(47): require_once('C:\\laragon\\www\\ecommerce-main\\public\\index.php')
CRITICAL - 2023-09-30 12:27:40 --> Undefined variable $categories
in APPPATH\Views\include\collection.php on line 15.
 1 APPPATH\Views\include\collection.php(15): CodeIgniter\Debug\Exceptions->errorHandler(2, 'Undefined variable $categories', 'C:\\laragon\\www\\ecommerce-main\\app\\Views\\include\\collection.php', 15)
 2 SYSTEMPATH\View\View.php(226): include('C:\\laragon\\www\\ecommerce-main\\app\\Views\\include\\collection.php')
 3 SYSTEMPATH\View\View.php(229): CodeIgniter\View\View->CodeIgniter\View\{closure}()
 4 SYSTEMPATH\Common.php(1188): CodeIgniter\View\View->render('include/collection', [], true)
 5 APPPATH\Controllers\Home.php(38): view('include/collection', [...])
 6 SYSTEMPATH\CodeIgniter.php(919): App\Controllers\Home->product('1')
 7 SYSTEMPATH\CodeIgniter.php(494): CodeIgniter\CodeIgniter->runController(Object(App\Controllers\Home))
 8 SYSTEMPATH\CodeIgniter.php(353): CodeIgniter\CodeIgniter->handleRequest(null, Object(Config\Cache), false)
 9 FCPATH\index.php(79): CodeIgniter\CodeIgniter->run()
10 SYSTEMPATH\Commands\Server\rewrite.php(47): require_once('C:\\laragon\\www\\ecommerce-main\\public\\index.php')
CRITICAL - 2023-09-30 12:28:08 --> Undefined variable $categories
in APPPATH\Views\include\collection.php on line 15.
 1 APPPATH\Views\include\collection.php(15): CodeIgniter\Debug\Exceptions->errorHandler(2, 'Undefined variable $categories', 'C:\\laragon\\www\\ecommerce-main\\app\\Views\\include\\collection.php', 15)
 2 SYSTEMPATH\View\View.php(226): include('C:\\laragon\\www\\ecommerce-main\\app\\Views\\include\\collection.php')
 3 SYSTEMPATH\View\View.php(229): CodeIgniter\View\View->CodeIgniter\View\{closure}()
 4 SYSTEMPATH\Common.php(1188): CodeIgniter\View\View->render('include/collection', [], true)
 5 APPPATH\Controllers\Home.php(38): view('include/collection', [...])
 6 SYSTEMPATH\CodeIgniter.php(919): App\Controllers\Home->product('1')
 7 SYSTEMPATH\CodeIgniter.php(494): CodeIgniter\CodeIgniter->runController(Object(App\Controllers\Home))
 8 SYSTEMPATH\CodeIgniter.php(353): CodeIgniter\CodeIgniter->handleRequest(null, Object(Config\Cache), false)
 9 FCPATH\index.php(79): CodeIgniter\CodeIgniter->run()
10 SYSTEMPATH\Commands\Server\rewrite.php(47): require_once('C:\\laragon\\www\\ecommerce-main\\public\\index.php')
CRITICAL - 2023-09-30 12:28:38 --> Undefined variable $categories
in APPPATH\Views\include\collection.php on line 15.
 1 APPPATH\Views\include\collection.php(15): CodeIgniter\Debug\Exceptions->errorHandler(2, 'Undefined variable $categories', 'C:\\laragon\\www\\ecommerce-main\\app\\Views\\include\\collection.php', 15)
 2 SYSTEMPATH\View\View.php(226): include('C:\\laragon\\www\\ecommerce-main\\app\\Views\\include\\collection.php')
 3 SYSTEMPATH\View\View.php(229): CodeIgniter\View\View->CodeIgniter\View\{closure}()
 4 SYSTEMPATH\Common.php(1188): CodeIgniter\View\View->render('include/collection', [], true)
 5 APPPATH\Controllers\Home.php(38): view('include/collection', [...])
 6 SYSTEMPATH\CodeIgniter.php(919): App\Controllers\Home->product('1')
 7 SYSTEMPATH\CodeIgniter.php(494): CodeIgniter\CodeIgniter->runController(Object(App\Controllers\Home))
 8 SYSTEMPATH\CodeIgniter.php(353): CodeIgniter\CodeIgniter->handleRequest(null, Object(Config\Cache), false)
 9 FCPATH\index.php(79): CodeIgniter\CodeIgniter->run()
10 SYSTEMPATH\Commands\Server\rewrite.php(47): require_once('C:\\laragon\\www\\ecommerce-main\\public\\index.php')
CRITICAL - 2023-09-30 12:28:43 --> Undefined variable $categories
in APPPATH\Views\include\collection.php on line 15.
 1 APPPATH\Views\include\collection.php(15): CodeIgniter\Debug\Exceptions->errorHandler(2, 'Undefined variable $categories', 'C:\\laragon\\www\\ecommerce-main\\app\\Views\\include\\collection.php', 15)
 2 SYSTEMPATH\View\View.php(226): include('C:\\laragon\\www\\ecommerce-main\\app\\Views\\include\\collection.php')
 3 SYSTEMPATH\View\View.php(229): CodeIgniter\View\View->CodeIgniter\View\{closure}()
 4 SYSTEMPATH\Common.php(1188): CodeIgniter\View\View->render('include/collection', [], true)
 5 APPPATH\Controllers\Home.php(38): view('include/collection', [...])
 6 SYSTEMPATH\CodeIgniter.php(919): App\Controllers\Home->product('2')
 7 SYSTEMPATH\CodeIgniter.php(494): CodeIgniter\CodeIgniter->runController(Object(App\Controllers\Home))
 8 SYSTEMPATH\CodeIgniter.php(353): CodeIgniter\CodeIgniter->handleRequest(null, Object(Config\Cache), false)
 9 FCPATH\index.php(79): CodeIgniter\CodeIgniter->run()
10 SYSTEMPATH\Commands\Server\rewrite.php(47): require_once('C:\\laragon\\www\\ecommerce-main\\public\\index.php')
CRITICAL - 2023-09-30 13:38:17 --> Cannot access offset of type string on string
in APPPATH\Views\include\collection.php on line 31.
 1 SYSTEMPATH\View\View.php(226): include()
 2 SYSTEMPATH\View\View.php(229): CodeIgniter\View\View->CodeIgniter\View\{closure}()
 3 SYSTEMPATH\Common.php(1188): CodeIgniter\View\View->render('include/collection', [], true)
 4 APPPATH\Controllers\Home.php(40): view('include/collection', [...])
 5 SYSTEMPATH\CodeIgniter.php(919): App\Controllers\Home->product('1')
 6 SYSTEMPATH\CodeIgniter.php(494): CodeIgniter\CodeIgniter->runController(Object(App\Controllers\Home))
 7 SYSTEMPATH\CodeIgniter.php(353): CodeIgniter\CodeIgniter->handleRequest(null, Object(Config\Cache), false)
 8 FCPATH\index.php(79): CodeIgniter\CodeIgniter->run()
 9 SYSTEMPATH\Commands\Server\rewrite.php(47): require_once('C:\\laragon\\www\\ecommerce-main\\public\\index.php')
CRITICAL - 2023-09-30 13:42:55 --> Too few arguments to function App\Controllers\Home::index(), 0 passed in C:\laragon\www\ecommerce-main\vendor\codeigniter4\framework\system\CodeIgniter.php on line 919 and exactly 1 expected
in APPPATH\Controllers\Home.php on line 17.
 1 SYSTEMPATH\CodeIgniter.php(919): App\Controllers\Home->index()
 2 SYSTEMPATH\CodeIgniter.php(494): CodeIgniter\CodeIgniter->runController(Object(App\Controllers\Home))
 3 SYSTEMPATH\CodeIgniter.php(353): CodeIgniter\CodeIgniter->handleRequest(null, Object(Config\Cache), false)
 4 FCPATH\index.php(79): CodeIgniter\CodeIgniter->run()
 5 SYSTEMPATH\Commands\Server\rewrite.php(47): require_once('C:\\laragon\\www\\ecommerce-main\\public\\index.php')
CRITICAL - 2023-09-30 13:43:19 --> Undefined variable $prod
in APPPATH\Views\include\collection.php on line 71.
 1 APPPATH\Views\include\collection.php(71): CodeIgniter\Debug\Exceptions->errorHandler(2, 'Undefined variable $prod', 'C:\\laragon\\www\\ecommerce-main\\app\\Views\\include\\collection.php', 71)
 2 SYSTEMPATH\View\View.php(226): include('C:\\laragon\\www\\ecommerce-main\\app\\Views\\include\\collection.php')
 3 SYSTEMPATH\View\View.php(229): CodeIgniter\View\View->CodeIgniter\View\{closure}()
 4 SYSTEMPATH\View\View.php(467): CodeIgniter\View\View->render('include/collection', null, true)
 5 APPPATH\Views\home.php(2): CodeIgniter\View\View->include('include/collection')
 6 SYSTEMPATH\View\View.php(226): include('C:\\laragon\\www\\ecommerce-main\\app\\Views\\home.php')
 7 SYSTEMPATH\View\View.php(229): CodeIgniter\View\View->CodeIgniter\View\{closure}()
 8 SYSTEMPATH\Common.php(1188): CodeIgniter\View\View->render('home', [], true)
 9 APPPATH\Controllers\Home.php(22): view('home', [...])
10 SYSTEMPATH\CodeIgniter.php(919): App\Controllers\Home->index()
11 SYSTEMPATH\CodeIgniter.php(494): CodeIgniter\CodeIgniter->runController(Object(App\Controllers\Home))
12 SYSTEMPATH\CodeIgniter.php(353): CodeIgniter\CodeIgniter->handleRequest(null, Object(Config\Cache), false)
13 FCPATH\index.php(79): CodeIgniter\CodeIgniter->run()
14 SYSTEMPATH\Commands\Server\rewrite.php(47): require_once('C:\\laragon\\www\\ecommerce-main\\public\\index.php')
CRITICAL - 2023-09-30 13:58:02 --> Undefined variable $products
in APPPATH\Views\include\collection.php on line 29.
 1 APPPATH\Views\include\collection.php(29): CodeIgniter\Debug\Exceptions->errorHandler(2, 'Undefined variable $products', 'C:\\laragon\\www\\ecommerce-main\\app\\Views\\include\\collection.php', 29)
 2 SYSTEMPATH\View\View.php(226): include('C:\\laragon\\www\\ecommerce-main\\app\\Views\\include\\collection.php')
 3 SYSTEMPATH\View\View.php(229): CodeIgniter\View\View->CodeIgniter\View\{closure}()
 4 SYSTEMPATH\View\View.php(467): CodeIgniter\View\View->render('include/collection', null, true)
 5 APPPATH\Views\home.php(2): CodeIgniter\View\View->include('include/collection')
 6 SYSTEMPATH\View\View.php(226): include('C:\\laragon\\www\\ecommerce-main\\app\\Views\\home.php')
 7 SYSTEMPATH\View\View.php(229): CodeIgniter\View\View->CodeIgniter\View\{closure}()
 8 SYSTEMPATH\Common.php(1188): CodeIgniter\View\View->render('home', [], true)
 9 APPPATH\Controllers\Home.php(21): view('home', [...])
10 SYSTEMPATH\CodeIgniter.php(919): App\Controllers\Home->index()
11 SYSTEMPATH\CodeIgniter.php(494): CodeIgniter\CodeIgniter->runController(Object(App\Controllers\Home))
12 SYSTEMPATH\CodeIgniter.php(353): CodeIgniter\CodeIgniter->handleRequest(null, Object(Config\Cache), false)
13 FCPATH\index.php(79): CodeIgniter\CodeIgniter->run()
14 SYSTEMPATH\Commands\Server\rewrite.php(47): require_once('C:\\laragon\\www\\ecommerce-main\\public\\index.php')
CRITICAL - 2023-09-30 22:18:40 --> Undefined variable $prod
in APPPATH\Views\include\collection.php on line 71.
 1 APPPATH\Views\include\collection.php(71): CodeIgniter\Debug\Exceptions->errorHandler(2, 'Undefined variable $prod', 'C:\\laragon\\www\\ecommerce-main\\app\\Views\\include\\collection.php', 71)
 2 SYSTEMPATH\View\View.php(226): include('C:\\laragon\\www\\ecommerce-main\\app\\Views\\include\\collection.php')
 3 SYSTEMPATH\View\View.php(229): CodeIgniter\View\View->CodeIgniter\View\{closure}()
 4 SYSTEMPATH\Common.php(1188): CodeIgniter\View\View->render('include/collection', [], true)
 5 APPPATH\Controllers\Home.php(30): view('include/collection', [...])
 6 SYSTEMPATH\CodeIgniter.php(919): App\Controllers\Home->categories('2')
 7 SYSTEMPATH\CodeIgniter.php(494): CodeIgniter\CodeIgniter->runController(Object(App\Controllers\Home))
 8 SYSTEMPATH\CodeIgniter.php(353): CodeIgniter\CodeIgniter->handleRequest(null, Object(Config\Cache), false)
 9 FCPATH\index.php(79): CodeIgniter\CodeIgniter->run()
10 SYSTEMPATH\Commands\Server\rewrite.php(47): require_once('C:\\laragon\\www\\ecommerce-main\\public\\index.php')
CRITICAL - 2023-09-30 22:18:59 --> Undefined variable $prod
in APPPATH\Views\include\collection.php on line 71.
 1 APPPATH\Views\include\collection.php(71): CodeIgniter\Debug\Exceptions->errorHandler(2, 'Undefined variable $prod', 'C:\\laragon\\www\\ecommerce-main\\app\\Views\\include\\collection.php', 71)
 2 SYSTEMPATH\View\View.php(226): include('C:\\laragon\\www\\ecommerce-main\\app\\Views\\include\\collection.php')
 3 SYSTEMPATH\View\View.php(229): CodeIgniter\View\View->CodeIgniter\View\{closure}()
 4 SYSTEMPATH\Common.php(1188): CodeIgniter\View\View->render('include/collection', [], true)
 5 APPPATH\Controllers\Home.php(30): view('include/collection', [...])
 6 SYSTEMPATH\CodeIgniter.php(919): App\Controllers\Home->categories('2')
 7 SYSTEMPATH\CodeIgniter.php(494): CodeIgniter\CodeIgniter->runController(Object(App\Controllers\Home))
 8 SYSTEMPATH\CodeIgniter.php(353): CodeIgniter\CodeIgniter->handleRequest(null, Object(Config\Cache), false)
 9 FCPATH\index.php(79): CodeIgniter\CodeIgniter->run()
10 SYSTEMPATH\Commands\Server\rewrite.php(47): require_once('C:\\laragon\\www\\ecommerce-main\\public\\index.php')
